# ../10.data/validation_data: data_e pred_e
-4.468925963178614325e+01 -4.468867019620365966e+01
-4.470428031699393046e+01 -4.470344237336801285e+01
-4.470286532490914766e+01 -4.470172879437270552e+01
-4.469976322687710280e+01 -4.469887469084331855e+01
-4.469856592588227784e+01 -4.469759958090678964e+01
-4.468359966344697654e+01 -4.468306381905792080e+01
-4.468512350107675246e+01 -4.468536803100271015e+01
-4.467206203567867817e+01 -4.467085389943839857e+01
-4.467505528816574412e+01 -4.467584268962581007e+01
-4.469704208825250191e+01 -4.469728192504850028e+01
-4.468545003771171764e+01 -4.468466208852454713e+01
-4.469198077041075123e+01 -4.469219720656375472e+01
-4.468359966344697654e+01 -4.468332659279360541e+01
-4.469644343775509299e+01 -4.469694776778710832e+01
-4.469045693278097531e+01 -4.468843835256340924e+01
-4.468904194069618541e+01 -4.468881513551064444e+01
-4.467995333769002286e+01 -4.467917480358525495e+01
-4.467881045946769802e+01 -4.467840553038790574e+01
-4.468359966344697654e+01 -4.468552496860601053e+01
-4.468180371195474265e+01 -4.468197827533806787e+01
-4.470177686945930873e+01 -4.470095757065270448e+01
-4.470036187737451172e+01 -4.470045905063657443e+01
-4.469562709616770491e+01 -4.469555623831188029e+01
-4.468974943673857325e+01 -4.469050122703976768e+01
-4.468855213574375540e+01 -4.468771615256356711e+01
-4.469192634763825822e+01 -4.469282165094136872e+01
-4.468833444465379046e+01 -4.468809707403241305e+01
-4.469214403872822317e+01 -4.469267209325847290e+01
-4.469900130806221483e+01 -4.469765229826004571e+01
-4.467712335352043596e+01 -4.467693440963052609e+01
-4.466531361188968674e+01 -4.466590259328254575e+01
-4.468174928918225675e+01 -4.468053963816496577e+01
-4.470155917836933668e+01 -4.470089189490235526e+01
-4.469687881993502288e+01 -4.469652151659720118e+01
-4.467391240994341217e+01 -4.467437918124343099e+01
-4.468604868820911946e+01 -4.468626370676741999e+01
-4.468822559910879733e+01 -4.468697090854071519e+01
-4.468109621591235481e+01 -4.468071689606797747e+01
-4.470645722789361542e+01 -4.470547767376614701e+01
-4.466776263665181546e+01 -4.466851537478984113e+01
