Time[ps]    Etot/N[eV]   Epot/N[eV]   Ekin/N[eV]    T[K]
0.0000         -12.0379     -12.1263       0.0885   684.5
0.0100         -12.0294     -12.1408       0.1113   861.4
0.0200         -12.0704     -12.2383       0.1679  1298.7
0.0300         -12.4931     -12.8391       0.3461  2677.2
0.0400         -13.1278     -13.7560       0.6283  4860.4
0.0500         -13.5050     -14.0198       0.5149  3983.1
0.0600         -13.6050     -14.0191       0.4141  3204.0
0.0700         -13.7688     -14.1454       0.3767  2914.1
0.0800         -13.8799     -14.1098       0.2299  1778.4
0.0900         -13.9757     -14.2182       0.2425  1875.8
0.1000         -13.9946     -14.2215       0.2269  1755.5
0.1100         -14.0280     -14.2154       0.1874  1450.0
0.1200         -14.0522     -14.2648       0.2126  1644.8
0.1300         -14.0833     -14.2859       0.2026  1567.7
0.1400         -14.0998     -14.2623       0.1625  1257.1
0.1500         -14.1148     -14.2507       0.1359  1051.2
0.1600         -14.1352     -14.2755       0.1402  1084.9
0.1700         -14.1576     -14.3019       0.1444  1116.8
0.1800         -14.1938     -14.3352       0.1414  1094.0
0.1900         -14.1514     -14.2812       0.1298  1004.0
0.2000         -14.1350     -14.2553       0.1203   930.5
0.2100         -14.1584     -14.2755       0.1171   905.8
0.2200         -14.1552     -14.2899       0.1346  1041.4
0.2300         -14.1913     -14.3334       0.1422  1099.8
0.2400         -14.1585     -14.2847       0.1262   976.6
0.2500         -14.1661     -14.3026       0.1364  1055.4
0.2600         -14.1438     -14.2895       0.1457  1127.4
0.2700         -14.1299     -14.2927       0.1628  1259.2
0.2800         -14.1184     -14.2754       0.1570  1214.6
0.2900         -14.1483     -14.3002       0.1519  1175.4
0.3000         -14.1594     -14.2973       0.1379  1066.9
0.3100         -14.1659     -14.3076       0.1417  1096.3
0.3200         -14.1652     -14.3046       0.1394  1078.4
0.3300         -14.1349     -14.2856       0.1507  1165.7
0.3400         -14.1972     -14.3641       0.1669  1291.4
0.3500         -14.1804     -14.3108       0.1304  1008.8
0.3600         -14.1907     -14.3304       0.1397  1080.7
0.3700         -14.1162     -14.2614       0.1452  1123.5
0.3800         -14.1300     -14.2913       0.1613  1247.9
0.3900         -14.0956     -14.2633       0.1676  1296.9
0.4000         -14.1284     -14.2646       0.1362  1053.9
0.4100         -14.1047     -14.2297       0.1249   966.4
0.4200         -14.0715     -14.2264       0.1549  1198.3
0.4300         -14.0987     -14.2652       0.1664  1287.5
0.4400         -14.1092     -14.2797       0.1705  1319.3
0.4500         -14.1205     -14.2658       0.1453  1124.1
0.4600         -14.1350     -14.2713       0.1364  1055.2
0.4700         -14.1702     -14.3443       0.1742  1347.3
0.4800         -14.1432     -14.3094       0.1663  1286.3
0.4900         -14.1609     -14.3310       0.1701  1315.6
0.5000         -14.1938     -14.3544       0.1606  1242.2
0.5100         -14.1711     -14.3127       0.1416  1095.7
0.5200         -14.1562     -14.2980       0.1417  1096.5
0.5300         -14.2028     -14.3396       0.1368  1058.1
0.5400         -14.2035     -14.3812       0.1777  1374.5
0.5500         -14.1462     -14.3142       0.1679  1299.1
0.5600         -14.1082     -14.2561       0.1479  1144.1
0.5700         -14.1025     -14.2355       0.1329  1028.3
0.5800         -14.0871     -14.2562       0.1692  1308.6
0.5900         -14.0964     -14.2710       0.1746  1350.9
0.6000         -14.1017     -14.2447       0.1430  1106.5
0.6100         -14.0916     -14.2161       0.1245   963.1
0.6200         -14.1360     -14.2576       0.1216   940.4
0.6300         -14.1511     -14.3040       0.1529  1182.8
0.6400         -14.0368     -14.2170       0.1802  1394.3
0.6500         -14.0680     -14.2224       0.1544  1194.6
0.6600         -14.0949     -14.2638       0.1689  1306.4
0.6700         -14.0988     -14.2812       0.1824  1411.1
0.6800         -14.1035     -14.2747       0.1712  1324.3
0.6900         -14.0660     -14.2298       0.1638  1267.3
0.7000         -14.1376     -14.3156       0.1780  1376.9
0.7100         -14.1884     -14.3864       0.1979  1531.2
0.7200         -14.1328     -14.3034       0.1706  1319.8
0.7300         -14.1431     -14.3062       0.1630  1261.3
0.7400         -14.1191     -14.3158       0.1966  1521.1
0.7500         -14.0936     -14.2463       0.1527  1181.5
0.7600         -14.1653     -14.2941       0.1288   996.7
0.7700         -14.2138     -14.3323       0.1185   916.4
0.7800         -14.2072     -14.3388       0.1317  1018.7
0.7900         -14.1515     -14.2963       0.1448  1119.9
0.8000         -14.1190     -14.2570       0.1379  1067.0
0.8100         -14.1479     -14.3238       0.1759  1361.1
0.8200         -14.1596     -14.3487       0.1891  1463.1
0.8300         -14.1182     -14.2689       0.1507  1165.9
0.8400         -14.1485     -14.2889       0.1404  1086.1
0.8500         -14.1399     -14.2947       0.1548  1197.8
0.8600         -14.1511     -14.3066       0.1555  1203.4
0.8700         -14.1363     -14.2761       0.1397  1081.1
0.8800         -14.1444     -14.2556       0.1111   859.6
0.8900         -14.1337     -14.2768       0.1431  1107.1
0.9000         -14.2055     -14.3641       0.1585  1226.3
0.9100         -14.0757     -14.2512       0.1755  1357.8
0.9200         -14.1429     -14.2986       0.1557  1204.8
0.9300         -14.1419     -14.2939       0.1520  1176.3
0.9400         -14.1762     -14.3413       0.1651  1277.6
0.9500         -14.1543     -14.3163       0.1620  1253.2
0.9600         -14.1130     -14.2442       0.1313  1015.4
0.9700         -14.1180     -14.2510       0.1330  1029.2
0.9800         -14.1253     -14.2736       0.1483  1147.1
0.9900         -14.1390     -14.2908       0.1518  1174.4
1.0000         -14.1908     -14.3320       0.1412  1092.5
1.0100         -14.1854     -14.3382       0.1528  1181.9
1.0200         -14.1413     -14.2909       0.1496  1157.5
1.0300         -14.1346     -14.2722       0.1376  1064.3
1.0400         -14.0276     -14.1811       0.1535  1187.4
1.0500         -14.1768     -14.3501       0.1733  1340.4
1.0600         -14.1872     -14.3468       0.1596  1234.5
1.0700         -14.1818     -14.3288       0.1470  1137.5
1.0800         -14.1804     -14.3370       0.1566  1211.9
1.0900         -14.2006     -14.3657       0.1651  1277.1
1.1000         -14.2538     -14.3998       0.1461  1130.0
1.1100         -14.2495     -14.3873       0.1378  1065.8
1.1200         -14.2290     -14.3432       0.1143   884.0
1.1300         -14.2017     -14.3170       0.1153   891.9
1.1400         -14.2213     -14.3581       0.1369  1058.7
1.1500         -14.2185     -14.3620       0.1435  1110.5
1.1600         -14.1826     -14.3172       0.1345  1040.8
1.1700         -14.2523     -14.3830       0.1307  1010.8
1.1800         -14.2210     -14.3564       0.1354  1047.4
1.1900         -14.2123     -14.3477       0.1354  1047.6
1.2000         -14.2013     -14.3493       0.1479  1144.5
Time[ps]    Etot/N[eV]   Epot/N[eV]   Ekin/N[eV]    T[K]
0.0000        -157.0011    -157.0924       0.0912   705.7
0.0100        -156.9920    -157.0394       0.0474   367.0
0.0200        -156.9748    -157.0071       0.0322   249.4
0.0300        -156.9592    -157.0320       0.0728   563.1
0.0400        -156.9579    -157.0373       0.0794   614.1
0.0500        -156.9617    -157.0463       0.0846   654.6
0.0600        -156.9499    -157.0067       0.0568   439.5
0.0700        -156.9354    -156.9934       0.0580   448.8
0.0800        -156.9461    -157.0332       0.0871   673.9
0.0900        -156.9486    -157.0088       0.0602   465.6
0.1000        -156.9415    -156.9943       0.0528   408.2
0.1100        -156.9337    -157.0240       0.0903   698.5
0.1200        -156.9340    -157.0012       0.0672   519.9
0.1300        -156.9483    -157.0157       0.0674   521.5
0.1400        -156.9397    -156.9995       0.0598   462.4
0.1500        -156.9271    -156.9988       0.0717   554.3
0.1600        -156.9395    -157.0395       0.0999   773.1
0.1700        -156.9410    -157.0284       0.0874   676.1
0.1800        -156.9368    -156.9912       0.0544   421.0
0.1900        -156.9345    -157.0113       0.0768   594.2
0.2000        -156.9321    -157.0526       0.1205   932.4
0.2100        -156.9418    -157.0265       0.0847   655.5
0.2200        -156.9338    -156.9988       0.0651   503.3
0.2300        -156.9255    -157.0062       0.0807   624.4
0.2400        -156.9344    -157.0322       0.0978   756.2
0.2500        -156.9330    -157.0258       0.0928   717.8
0.2600        -156.9318    -156.9948       0.0630   487.2
0.2700        -156.9282    -156.9876       0.0594   459.9
0.2800        -156.9277    -157.0359       0.1082   836.7
0.2900        -156.9364    -156.9964       0.0600   464.1
0.3000        -156.9331    -156.9889       0.0558   431.8
0.3100        -156.9246    -157.0257       0.1011   781.8
0.3200        -156.9312    -156.9878       0.0566   438.1
0.3300        -156.9347    -157.0145       0.0798   617.2
0.3400        -156.9330    -156.9997       0.0667   516.3
0.3500        -156.9275    -156.9995       0.0720   557.3
0.3600        -156.9290    -157.0420       0.1129   873.8
0.3700        -156.9349    -157.0120       0.0770   595.8
0.3800        -156.9309    -156.9993       0.0683   528.6
0.3900        -156.9280    -157.0272       0.0991   766.9
0.4000        -156.9297    -157.0064       0.0767   593.5
0.4100        -156.9319    -157.0382       0.1063   822.4
0.4200        -156.9286    -157.0194       0.0907   701.8
0.4300        -156.9253    -156.9838       0.0585   452.9
0.4400        -156.9292    -157.0330       0.1038   802.9
0.4500        -156.9305    -157.0144       0.0839   649.4
0.4600        -156.9266    -157.0030       0.0764   591.3
0.4700        -156.9272    -157.0058       0.0786   608.3
0.4800        -156.9257    -156.9975       0.0718   555.6
0.4900        -156.9304    -156.9982       0.0678   524.4
0.5000        -156.9308    -157.0058       0.0750   579.9
0.5100        -156.9244    -157.0003       0.0759   587.3
0.5200        -156.9292    -157.0203       0.0911   704.4
0.5300        -156.9284    -157.0013       0.0729   563.7
0.5400        -156.9296    -156.9985       0.0689   533.0
0.5500        -156.9295    -157.0232       0.0938   725.5
0.5600        -156.9248    -157.0188       0.0940   727.1
0.5700        -156.9295    -157.0135       0.0841   650.4
0.5800        -156.9295    -157.0110       0.0815   630.2
0.5900        -156.9260    -157.0178       0.0919   710.6
0.6000        -156.9279    -157.0216       0.0937   724.6
0.6100        -156.9265    -157.0271       0.1006   778.2
0.6200        -156.9258    -157.0101       0.0843   652.0
0.6300        -156.9272    -156.9999       0.0727   562.6
0.6400        -156.9244    -157.0105       0.0860   665.6
0.6500        -156.9284    -157.0183       0.0899   695.3
0.6600        -156.9242    -157.0036       0.0794   614.2
0.6700        -156.9238    -156.9977       0.0739   571.7
0.6800        -156.9267    -156.9899       0.0632   489.3
0.6900        -156.9261    -157.0093       0.0832   643.6
0.7000        -156.9260    -157.0131       0.0871   673.8
0.7100        -156.9257    -156.9959       0.0702   543.3
0.7200        -156.9249    -157.0074       0.0825   638.6
0.7300        -156.9269    -157.0049       0.0780   603.5
0.7400        -156.9281    -157.0066       0.0785   607.4
0.7500        -156.9246    -157.0149       0.0903   698.3
0.7600        -156.9253    -157.0111       0.0857   663.2
0.7700        -156.9240    -157.0152       0.0912   705.6
0.7800        -156.9270    -157.0107       0.0837   647.7
0.7900        -156.9256    -157.0142       0.0886   685.8
0.8000        -156.9241    -157.0142       0.0901   697.0
0.8100        -156.9238    -157.0066       0.0828   640.8
0.8200        -156.9239    -157.0036       0.0796   616.1
0.8300        -156.9243    -157.0072       0.0829   641.3
0.8400        -156.9223    -157.0007       0.0784   606.6
0.8500        -156.9230    -157.0040       0.0810   626.6
0.8600        -156.9239    -157.0010       0.0772   597.2
0.8700        -156.9235    -156.9939       0.0704   544.6
0.8800        -156.9226    -157.0019       0.0792   612.8
0.8900        -156.9236    -157.0022       0.0786   608.2
0.9000        -156.9242    -157.0095       0.0853   660.3
0.9100        -156.9236    -156.9998       0.0763   590.0
0.9200        -156.9224    -157.0011       0.0787   608.6
0.9300        -156.9234    -157.0122       0.0889   687.7
0.9400        -156.9239    -157.0159       0.0919   711.3
0.9500        -156.9227    -157.0076       0.0849   656.7
0.9600        -156.9222    -157.0140       0.0917   709.6
0.9700        -156.9213    -157.0136       0.0923   714.4
0.9800        -156.9231    -157.0154       0.0923   713.8
0.9900        -156.9234    -157.0113       0.0879   680.2
1.0000        -156.9218    -157.0049       0.0831   643.1
1.0100        -156.9206    -157.0190       0.0984   761.2
1.0200        -156.9216    -157.0031       0.0815   630.9
1.0300        -156.9221    -157.0050       0.0829   641.5
1.0400        -156.9205    -157.0014       0.0809   625.5
1.0500        -156.9206    -157.0100       0.0894   691.7
1.0600        -156.9214    -157.0014       0.0800   618.8
1.0700        -156.9218    -157.0037       0.0818   632.9
1.0800        -156.9191    -157.0039       0.0848   656.0
1.0900        -156.9207    -157.0062       0.0855   661.3
1.1000        -156.9217    -157.0083       0.0866   670.2
1.1100        -156.9207    -157.0031       0.0823   637.0
1.1200        -156.9196    -157.0063       0.0867   670.8
1.1300        -156.9192    -157.0139       0.0947   732.8
1.1400        -156.9218    -157.0184       0.0966   747.2
1.1500        -156.9206    -157.0125       0.0919   711.2
1.1600        -156.9185    -157.0053       0.0868   671.6
1.1700        -156.9193    -157.0038       0.0845   653.5
1.1800        -156.9217    -157.0162       0.0945   731.3
1.1900        -156.9201    -157.0039       0.0838   648.0
1.2000        -156.9189    -156.9986       0.0797   616.9
