# ../10.data/validation_data: data_e pred_e
-2.234462981589307162e+02 -2.234433509810182841e+02
-2.235214015849696523e+02 -2.235172118668400572e+02
-2.235143266245457312e+02 -2.235086439718635347e+02
-2.234988161343855211e+02 -2.234943734542165998e+02
-2.234928296294113750e+02 -2.234879979045339553e+02
-2.234179983172348898e+02 -2.234153190952896182e+02
-2.234256175053837694e+02 -2.234268401550135366e+02
-2.233603101783934051e+02 -2.233542694971919786e+02
-2.233752764408287135e+02 -2.233792134481290645e+02
-2.234852104412625238e+02 -2.234864096252424872e+02
-2.234272501885585882e+02 -2.234233104426227499e+02
-2.234599038520537420e+02 -2.234609860328187665e+02
-2.234179983172348898e+02 -2.234166329639680271e+02
-2.234822171887754791e+02 -2.234847388389355274e+02
-2.234522846639048623e+02 -2.234421917628170604e+02
-2.234452097034809128e+02 -2.234440756775532293e+02
-2.233997666884501143e+02 -2.233958740179262747e+02
-2.233940522973384759e+02 -2.233920276519395429e+02
-2.234179983172348898e+02 -2.234276248430300598e+02
-2.234090185597737275e+02 -2.234098913766903536e+02
-2.235088843472965436e+02 -2.235047878532635366e+02
-2.235018093868725657e+02 -2.235022952531828651e+02
-2.234781354808385174e+02 -2.234777811915593873e+02
-2.234487471836928592e+02 -2.234525061351988313e+02
-2.234427606787187699e+02 -2.234385807628178213e+02
-2.234596317381912911e+02 -2.234641082547068436e+02
-2.234416722232689381e+02 -2.234404853701620652e+02
-2.234607201936411229e+02 -2.234633604662923574e+02
-2.234950065403110671e+02 -2.234882614913002215e+02
-2.233856167676021869e+02 -2.233846720481526233e+02
-2.233265680594484195e+02 -2.233295129664127217e+02
-2.234087464459112766e+02 -2.234026981908248217e+02
-2.235077958918466834e+02 -2.235044594745117763e+02
-2.234843940996751144e+02 -2.234826075829860201e+02
-2.233695620497170466e+02 -2.233718959062171621e+02
-2.234302434410456044e+02 -2.234313185338370999e+02
-2.234411279955439795e+02 -2.234348545427035901e+02
-2.234054810795617811e+02 -2.234035844803398732e+02
-2.235322861394680842e+02 -2.235273883688307421e+02
-2.233388131832590773e+02 -2.233425768739492128e+02
