# ../10.data/validation_data: data_fx data_fy data_fz pred_fx pred_fy pred_fz
-4.046916710386853078e-01 -1.192991965450762165e-01 -3.306438938727758736e-01 -3.892127470518083054e-01 -1.463789348423558123e-01 -2.846257145408542244e-01
-4.345164701749543168e-01 -1.170880476435941953e+00 1.314862265369654670e+00 -3.818461969126706879e-01 -1.167229305435520059e+00 1.351250655821874647e+00
2.349988483668096484e-01 1.594084091766104563e-02 4.576564005393009976e-02 2.037038329726689467e-01 4.405865272006029287e-02 4.031220627011882635e-02
1.148768987421121768e+00 -7.934425011597094901e-01 1.887189876381162590e-01 1.186088195451521443e+00 -8.379844466297843297e-01 1.383357844540905324e-01
-5.450739152490551298e-01 2.069738215922119817e+00 -1.220759881887978349e+00 -6.187330844597103141e-01 2.107534034187598770e+00 -1.245272932005229594e+00
-2.514539099592339455e-01 -2.355130690415728756e-01 1.383253615113168300e-01 -2.548296549360107299e-01 -2.314858698955670202e-01 1.180708458797563171e-01
2.365415103910993855e-01 -4.705119174083824962e-01 8.042411353297380661e-01 2.146909396159757399e-01 -4.661009167167375900e-01 7.960068273654963278e-01
-2.725369576245275510e-02 8.278952863688479602e-02 2.982479913626905413e-02 -8.775778342457029452e-03 7.456808966035334552e-02 1.872411857905979457e-02
7.091103104985349015e-01 -4.386302355730603564e-01 -9.615926618072953569e-02 7.176398839123706574e-01 -4.419486481920784082e-01 -7.505772409353636543e-02
-6.674584358427109176e-01 1.063922576085184035e+00 -8.772604711461207128e-01 -6.687253902498797586e-01 1.064967345144028243e+00 -8.577440677307766048e-01
-8.227530796212153760e-03 -1.537519817542146172e-01 1.871763256138264941e-01 -2.029763681205715153e-02 -1.845769457719895201e-01 1.875956761045170784e-01
3.825801820238651230e-01 7.872718530625504307e-01 -8.407508032379293894e-01 3.844994500118564251e-01 8.037709078104001703e-01 -8.507257845825693110e-01
1.372969201617903201e-01 1.177565345207864378e-01 1.825483395409571441e-01 1.567645766983406519e-01 1.063987175511309224e-01 1.850095070686106624e-01
-6.119226029682789392e-02 2.740796196488173297e-01 -4.113765398106076880e-03 -7.712234258358394157e-02 2.740689917588715052e-01 1.466249782362817784e-02
-4.499430904178521873e-01 -1.028955570201282477e+00 4.741114621317253364e-01 -4.438440473145554566e-01 -9.996616713484129946e-01 4.634581035858129083e-01
-1.984891804586182140e-01 -1.290693893655781577e-01 1.162138724964966591e-01 -1.264301779273945825e-01 -9.011319650911953083e-02 1.062505636327137765e-01
1.774061327933245391e-01 4.607417245878805412e-01 -3.573833689604653530e-01 1.264802463531217724e-01 4.693152504003638148e-01 -3.973445470887496112e-01
-5.409601498509490902e-01 8.690329403499087724e-02 -1.954038564100386288e-01 -5.353793530541895995e-01 9.385271433766487204e-02 -1.431225645343131569e-01
-2.154584627258057661e-01 -1.280409480160516200e-01 -4.005779056405792127e-01 -2.117510905785695008e-01 -1.766317196308957449e-01 -4.002365225014142824e-01
7.847007496887340450e-01 -2.905346812412416546e-01 8.479498926846150697e-01 7.470803752070319659e-01 -2.964230485980132168e-01 8.344530704917634267e-01
-1.897474289876427966e-01 1.085005623750477655e-01 -2.195722281239118612e-01 -1.673780262048468470e-01 9.047964301858446579e-02 -2.073673550194030657e-01
-9.379385107681854628e-01 -7.769874395672852208e-01 -2.771649436973969149e-01 -9.298403693330966613e-01 -7.640495179844978280e-01 -2.743215818068620582e-01
-3.424709693923309040e-01 1.352400374627372726e-01 -6.633446704446048503e-02 -3.474203598401557902e-01 1.457882498139215777e-01 -5.707240473160926642e-02
3.172741563289311340e-01 -6.530602569493396681e-01 -2.108304766529364438e-01 3.093092894283337446e-01 -6.627942035727180103e-01 -2.355365526664907894e-01
1.159053400916387089e+00 1.189906641402182608e+00 7.795585429411014955e-01 1.135329465949765249e+00 1.190575828724709018e+00 7.742978942243643470e-01
-7.235084893919061511e-01 -3.707531065043101481e-01 -3.980068022667629379e-01 -6.886228109682269727e-01 -3.601286367018795009e-01 -3.685882437388867117e-01
-1.969465184343284214e-01 -1.000159212414539756e+00 9.723912959773238773e-01 -2.093503359871779768e-01 -1.031938571902852875e+00 1.003703798170704209e+00
3.928645955191303329e-01 2.005460631576712338e-02 3.702388858295468932e-01 3.596908894164642656e-01 4.388550169781021276e-02 3.565590679249961426e-01
1.401765559404645645e+00 -1.240814488203745292e+00 2.884777985421886348e-01 1.415589447600091644e+00 -1.275797721357577297e+00 2.392741693309179130e-01
-8.793173538451738436e-01 2.598357069578750345e+00 -1.236186502130875997e+00 -8.773071900611513207e-01 2.623979428264499703e+00 -1.230948791687731303e+00
6.232354578130706590e-01 1.403822442103698498e-01 6.977974556537432926e-01 6.831479466639730491e-01 1.807848731587254620e-01 6.360319812692774022e-01
4.519999731169050960e-01 5.990670860991974545e-01 -4.699976967336192968e-01 3.782777042415779167e-01 6.223101460987654487e-01 -4.913162707589014966e-01
-6.062661755458830237e-01 2.005460631576712338e-02 -4.504573110926153867e-01 -5.610777468256430422e-01 5.226736313343156859e-02 -4.296669471816251251e-01
-1.124600615707248785e+00 8.536063201070108741e-01 -6.170648097159114887e-01 -1.119602392615674624e+00 8.045471768358370968e-01 -6.012096990598162494e-01
6.571740223474457077e-01 -1.614138698081871937e+00 8.448645686360354290e-01 6.192544885357664786e-01 -1.659909559226759423e+00 8.861609357310651358e-01
1.156996518217333902e-01 3.095608462074822542e-01 -6.947121316051636519e-01 1.720891142044188860e-01 3.260260511675724948e-01 -6.987588284127588256e-01
-1.262925977218565476e+00 -1.425419710443755594e+00 -5.692422869629283344e-01 -1.297268862212480167e+00 -1.424463206571698448e+00 -6.042419087449187876e-01
-2.396268344396789707e-01 -1.763776914437980292e-01 7.219658273676164972e-01 -2.830954073336235388e-01 -1.481269653256157282e-01 7.817074156476413460e-01
7.826438669896810252e-01 -1.871249035463501409e+00 1.892332083128795139e-01 8.268758727884421011e-01 -1.957536757521040283e+00 1.628112796618295943e-01
6.036950721720667490e-01 3.165028253167862626e+00 3.486416174894899633e-01 5.813992825532425801e-01 3.204100878250780937e+00 3.584820418482068116e-01
7.024254417266125872e-01 3.465847347904369435e-01 -5.862115692301159142e-02 7.346847306617425577e-01 2.909606980797169173e-01 -1.852209064235638483e-02
5.944391000263280489e-01 1.442388992710943008e+00 -1.011472067259331586e+00 6.599179507669616918e-01 1.450189699432286483e+00 -9.760676188918303575e-01
7.600181573000975854e-01 -3.023617567607966294e-01 -9.204550078262345447e-02 7.034966237420532398e-01 -2.060587466129779333e-01 -1.547969237960817868e-01
-8.551489821313006390e-01 1.262925977218565476e+00 6.258065611868869338e-01 -8.676500421880050107e-01 1.271555157270892522e+00 4.749745567357289144e-01
-1.205847482319843511e+00 -2.757765478755360711e+00 5.306757363556838802e-01 -1.230449262982752368e+00 -2.806646808169918739e+00 6.744120765945413876e-01
3.758953132519427531e-01 2.519681306339971796e-02 5.538156667200305749e-01 3.735654930502390614e-01 6.512541759743835715e-03 5.132015384832158134e-01
3.949214782181833527e-01 -4.833674342774640365e-01 7.296791374890653215e-01 3.555312000772055669e-01 -4.498237387318171909e-01 7.273238341167720389e-01
-3.188168183532208988e-01 -2.519681306339971796e-02 -3.306438938727758736e-01 -2.579892383656769983e-01 -2.527504840561655558e-02 -3.207403677986866986e-01
-4.874811996755700760e-01 4.576564005393010115e-01 -3.882366094462609829e-01 -5.086625545875738119e-01 4.461520301180723624e-01 -3.312554760072885518e-01
3.805232993248120615e-02 2.416837171387319766e-02 -5.656427422395854387e-01 3.755509982580555045e-02 2.243421525961729335e-02 -5.885295287940124354e-01
3.784664166257590279e-01 3.491558381642532738e-01 -4.545710764907214818e-01 4.232199479655849861e-01 3.386224147859379641e-01 -4.541774160487370149e-01
-7.831580876644443912e-01 -7.857291910382606659e-01 -6.283776645607032085e-01 -7.917032918960126286e-01 -7.957512282782339685e-01 -6.362911650495168825e-01
-3.363003212951717336e-01 -3.954356988929466077e-01 6.911125868818208673e-01 -3.855313292527958180e-01 -3.402173423540843511e-01 7.557111688680877570e-01
2.745938403235806402e-01 -1.187849758703129588e+00 2.123731386772262086e-01 3.519455637566303863e-01 -1.211453309331106620e+00 1.930818319061691768e-01
4.658839313355132017e-01 2.022429913843899918e+00 1.779203534680878218e-01 4.020691094265916865e-01 2.008799465177487864e+00 1.416755803239976297e-01
-1.635221745747165445e-01 2.164869040753322760e-01 -4.555995178402479917e-01 -1.608147306781153585e-01 1.368257274728796880e-01 -3.567978536021754188e-01
-1.051581279890865694e+00 -4.386302355730603564e-01 -3.198452597027474642e-01 -9.978944432229059913e-01 -4.257675066621713356e-01 -2.519952888622766229e-01
-1.979749597838549313e-01 -1.758634707690347743e-01 2.221433314977281359e-01 -2.418040929763581592e-01 -1.336715903336601619e-01 1.864129669330122918e-01
1.599226298513737321e-01 -9.759908407006666620e-01 1.470671129822922474e-01 1.488864101868538903e-01 -9.851045827414454115e-01 7.014238654753779389e-02
1.261897535869038967e+00 1.377082967016009185e+00 4.134334225096606974e-01 1.251626856690525535e+00 1.407717952264398553e+00 3.522377889839033993e-01
-4.504573110926153867e-01 1.151854311469701353e-01 -5.641000802152957849e-01 -3.946618852625572438e-01 1.237424687976075438e-01 -5.878046379334507243e-01
-1.165224049013546148e+00 -1.032040894249862006e+00 -4.247462773544524173e-01 -1.231090004175280583e+00 -1.059494505652598395e+00 -4.779429483442115822e-01
-7.214516066928532423e-01 3.440136314166206133e-01 2.545392340078135307e-01 -7.003762269234016236e-01 3.194212701665277709e-01 2.808298251229859877e-01
8.417792445874558993e-01 -1.674816737703936464e+00 -2.231717728472546458e-01 8.056315598653558396e-01 -1.669805153571250811e+00 -2.279660310844899007e-01
1.499467487609664751e+00 2.252800776137840355e+00 9.631353238315851772e-01 1.520496556495883000e+00 2.286135920259711796e+00 1.012883792239166914e+00
1.378111408365535751e-01 1.275267273412883651e-01 -2.329419656677566008e-01 1.565477469738668359e-01 8.698289166487299662e-02 -1.740317986708563858e-01
-6.036950721720667490e-01 -7.502479644795957414e-01 4.082912157620280369e-01 -5.621027197228033456e-01 -7.659800455844746336e-01 4.537701137374688942e-01
5.167917781370758856e-01 -2.663663095273684500e-01 1.820341188661938892e-01 4.631136988037595770e-01 -1.867172510443191880e-01 1.593319249374758051e-01
-4.627986072869336165e-03 -5.142206747632596100e-04 5.353037224285532858e-01 1.424891644271504207e-02 4.860722036823062440e-03 4.256458931461410411e-01
-4.627986072869336165e-02 8.901159880152023085e-01 -8.942297534133083481e-01 -7.180764249753830708e-02 8.608536829270979629e-01 -8.647161331502301040e-01
-2.216291108229648532e-01 8.741751470975413912e-03 -3.393856453437513188e-02 -1.161657773914732822e-01 1.650555831781943747e-02 1.413296870204870659e-02
-4.206325119563463222e-01 -5.759271557348506765e-02 -3.337292179213554588e-01 -4.206753824724898672e-01 1.378891513174714152e-02 -4.003833000226499905e-01
-7.271080341152490467e-01 1.815198981914306342e-01 -6.839134974351351870e-02 -7.814720359640440206e-01 2.005289474953270701e-01 -2.228942074738049332e-03
6.427758434540745136e-02 -5.877542312544056236e-01 -4.643412693112233813e-01 4.725237233990507713e-02 -6.581390677663944144e-01 -5.210830262313514982e-01
1.311262720646311886e+00 4.530284144664316615e-01 9.111990356804959834e-01 1.271060823488102454e+00 4.273156468215008608e-01 9.095622996266909954e-01
5.291330743313941154e-01 3.496700588390164732e-01 -3.121319495812985290e-01 5.616237198049007784e-01 3.089001926893574779e-01 -3.655917343904556693e-01
-9.153128010786019952e-02 -1.480955543318187573e-01 -9.667348685549279064e-02 -1.083756525639969354e-01 -2.044756421473204744e-01 -8.492736316187690648e-02
-3.578975896352286634e-01 -5.389032671518959594e-01 7.589897159505711866e-01 -4.239001304385218161e-01 -4.540421404841385455e-01 8.434805718679654341e-01
-1.300978307151046676e-01 -3.229305837513269939e-01 4.134334225096606974e-01 -2.299132650828679403e-02 -3.030552821955675991e-01 3.829149600547744337e-01
4.885096410250965721e-02 6.654015531436578978e-01 -7.667030260720200108e-01 -6.356610294095215580e-03 6.526728721376683362e-01 -7.758764343704072086e-01
-4.021205676648690330e-01 2.175153454248588136e-01 -6.741433046146333430e-01 -3.902901064551896892e-01 1.581722433086611701e-01 -6.368427300649810441e-01
-1.294293438379124472e+00 -8.690329403499086336e-01 -4.741114621317253364e-01 -1.306491529931302908e+00 -9.076059055040972545e-01 -4.500430048596304466e-01
-5.800409211329567993e-01 1.038725763021784432e-01 2.853924744936090496e-01 -6.189368854701996492e-01 1.222555164687134377e-01 3.152375375189114259e-01
7.913856184606564703e-01 -1.766862238486559988e+00 -1.182707551955496927e-01 7.767036456919340637e-01 -1.760477824914309597e+00 -1.678246528538513138e-01
1.493811060187268946e+00 2.318106801832774178e+00 9.909032402688011665e-01 1.539014876164759071e+00 2.387655970641031633e+00 9.394728502595522945e-01
5.090784680156269781e-02 1.167280931712599140e-01 -4.221751739806361425e-01 1.206632562166133904e-01 1.347147476718243142e-01 -3.993777178258383076e-01
-1.154425414843517794e+00 -1.508209239080640307e+00 -3.733242098781264229e-01 -1.165777304292094696e+00 -1.449619616583692094e+00 -4.146796154188596706e-01
6.324914299588092759e-02 -7.199089446685634497e-02 4.782252275298313759e-01 4.445160729376254616e-02 -7.310967874165313907e-02 5.101731340616458832e-01
7.276222547900123017e-01 -1.309720058622022121e+00 2.072309319295936036e-01 7.225044736265301415e-01 -1.399516400029252594e+00 1.782178876308796178e-01
3.105892875570087641e-01 2.777305864396364843e+00 1.049010176517049531e-01 2.781579671551890343e-01 2.787530947682772542e+00 1.256663115521725049e-01
5.445596945742918749e-01 2.062024905800670660e-01 1.830625602157203990e-01 4.885167553610427760e-01 1.024783839722471779e-01 1.669616295740501966e-01
1.140541456624909689e+00 1.237214943480402507e+00 4.756541241560151012e-01 1.149469745690799627e+00 1.169052207307118785e+00 5.850637370099766033e-01
1.671217192980593569e-01 -5.471307979481081496e-01 2.673947508768949599e-01 2.124376259404850698e-01 -4.136079445093228668e-01 2.372160997615740674e-01
-8.613196302284598094e-01 9.106848150057327285e-01 3.198452597027474642e-01 -7.693830437226477637e-01 9.999915363476113983e-01 2.488549187489662307e-01
-9.898747989192746566e-01 -1.805428789093804554e+00 -1.244928253601851331e+00 -1.081041083269679293e+00 -1.857914183117653772e+00 -1.238096385094567209e+00
5.301615156809206253e-01 4.833674342774639532e-02 6.628304497698416231e-01 5.800061921428024680e-01 8.831712899201044076e-02 5.998402254103621933e-01
7.918998391354197253e-01 1.325146678864919991e+00 -1.004272977812645795e+00 7.283744594242737014e-01 1.337159218160936636e+00 -1.006695971569330661e+00
-4.653697106607499467e-01 -3.702388858295468932e-02 -4.869669790008067656e-01 -4.013738815634795287e-01 -9.623345840690536446e-03 -4.648631891244703329e-01
-1.142084118649199453e+00 9.682775305792177267e-01 -5.152491161127860098e-01 -1.127724185839200199e+00 9.406077512268447016e-01 -4.864546550290032578e-01
2.879635778674253799e-01 -2.308336609012272334e+00 1.348800829904029941e+00 2.207174158356034754e-01 -2.356460752539101033e+00 1.358173590312442336e+00
-3.177883770036943889e-01 5.347895017537899337e-02 -2.977337706879272794e-01 -2.878486825739512422e-01 3.571032573118094328e-02 -2.412343340948885917e-01
-2.596814407554460802e-01 4.216609533058728876e-01 -6.000955274487238533e-01 -2.255907545855053986e-01 4.530292245516522875e-01 -5.986794621861403209e-01
-2.108304766529364438e-01 2.262570968958342241e-02 8.741751470975411831e-02 -2.542151248029425048e-01 4.224783956842105559e-02 1.172882521497116970e-01
1.419249062346596424e-01 -4.118907604853708770e-01 -2.571103373816298159e-03 1.435334074160542484e-01 -4.541137097398881828e-01 -3.650056850879748044e-02
6.499749329007601384e-01 -8.998861808357042080e-02 8.170966521988195508e-01 6.241211545463447585e-01 -7.687368011136620771e-02 7.591261126401149806e-01
-1.121001070983905917e-01 -1.938611943857488640e-01 2.843640331440825397e-01 -8.527106944481471773e-02 -1.758683809992782898e-01 2.427132814712633369e-01
-8.998861808357042080e-02 -7.132240758966410521e-01 4.931376270979658805e-01 -1.398817543732710778e-01 -6.869374960444630807e-01 4.784141864832817670e-01
-2.457974825368380856e-01 3.208737010522739741e-01 -1.974607391090916764e-01 -2.073382260055249560e-01 3.157278045771626518e-01 -1.711801487816292933e-01
4.062343330629750865e-02 3.908077128200772576e-01 -4.180614085825300474e-01 6.408022000034207209e-03 3.654467891024943405e-01 -3.971243017550804555e-01
4.072627744125015825e-01 1.964322977595651665e-01 -1.635221745747165445e-01 4.260830278235765989e-01 1.816312833640837399e-01 -1.528230174178353273e-01
-3.352718799456452237e-01 7.713310121448892741e-03 -1.311262720646312052e-01 -2.656974070421156409e-01 -1.141709972710035388e-02 -1.002119851327961803e-01
-5.815835831572465642e-01 -2.828213711197927194e-01 -6.618020084203150022e-01 -5.754076764509965525e-01 -2.370025266394032160e-01 -6.861883975563146665e-01
-4.910807443989128607e-01 4.391444562478237224e-01 -1.779203534680878218e-01 -4.989417073741366782e-01 4.103510137842849015e-01 -1.447470174054202585e-01
3.959499195677098626e-01 -6.782570700127393826e-01 -3.913219334948405126e-01 3.745898714340958335e-01 -6.713950275015843072e-01 -4.200686066765789151e-01
1.016614274006964136e+00 5.111353507146799702e-01 1.367826994870270374e+00 9.654569194331534820e-01 5.094636400838015167e-01 1.351216006771109202e+00
-1.758634707690347743e-01 -3.373287626446982435e-01 2.421979378134952454e-01 -1.260939270900651443e-01 -3.711513529139854883e-01 2.568305237271121255e-01
6.263207818616501887e-01 -1.558088644532676648e-01 5.800409211329567993e-01 5.947439401263056036e-01 -7.749288330467284103e-02 5.694200315768727094e-01
8.587485268546435346e-02 3.069897428336659240e-01 6.273492232111765876e-02 1.207833622850570526e-01 2.547637036377955466e-01 7.242702568922823603e-02
2.581387787311563153e-01 7.533332885281752711e-01 -9.050283875833368963e-02 1.491881606755397494e-01 7.135739877279621002e-01 -6.802267358301371247e-02
-7.996131492568685495e-01 -5.661569629143488047e-01 -7.980704872325788957e-01 -7.386215359968378857e-01 -5.196934551470999697e-01 -8.306549074101992058e-01
-7.368782269357510017e-01 -1.367826994870270374e-01 -6.155221476916217238e-01 -7.207647938445729263e-01 -1.533145093253900082e-01 -5.753008287986808300e-01
-8.500067753836680895e-01 -1.099918023318612104e+00 5.394174878266592144e-01 -8.655075249994360620e-01 -1.158665434277791784e+00 5.981640120324334120e-01
6.016381894730137014e-02 -5.810693624824832954e-02 2.601956614302093351e-01 5.295375530232755007e-02 -3.699046592869099925e-02 2.348039363550043779e-01
1.149797428770648500e+00 -1.523121638648774923e+00 2.247144348715444107e-01 1.160105701771457998e+00 -1.525213779095348832e+00 1.887874310124471600e-01
3.794948579752855933e-01 2.821528842426005212e+00 -4.098338777863178573e-01 3.732128617702218376e-01 2.874184188627222802e+00 -4.464545506012025378e-01
3.244732457756167587e-01 4.622843866121703615e-01 -4.741114621317253364e-01 3.685217392925765889e-01 4.189790784709916949e-01 -3.517675941850706978e-01
-6.839134974351351870e-01 -2.828213711197927888e-02 -3.126461702560618394e-01 -5.926848131662662000e-01 2.809688186432918178e-02 -2.818237591307252154e-01
1.028441349526519194e-01 -1.912900910119325615e-01 -1.156996518217333902e-01 1.658227465282030230e-02 -1.929701391897045148e-01 -1.670568772710074035e-01
-8.839453399180432491e-01 4.257747187039788717e-01 2.879635778674253799e-01 -9.281930724465169424e-01 3.895013522768289160e-01 2.280105526269782246e-01
1.143626780673489218e+00 -6.664299944931844077e-01 6.170648097159114887e-01 1.135773871667385082e+00 -6.436071734224457774e-01 5.726376779598243427e-01
-1.275267273412883651e-01 -9.255972145738672330e-02 2.519681306339972005e-01 -1.405005851944527429e-01 -1.075370774827938553e-01 1.909293134449022433e-01
-5.296472950061573842e-02 -1.249042018999957371e+00 1.400737118055119135e+00 -1.008393846215555334e-01 -1.241656794788551510e+00 1.392116617950966528e+00
-4.417155596216399971e-01 1.290693893655781577e-01 -8.896017673404391091e-02 -4.021555032372152727e-01 1.399266285747974847e-01 -8.182099015904423234e-02
6.967690143042166717e-01 -6.772286286632128727e-01 -3.542980449118858788e-01 7.018383903250081657e-01 -7.146550549845628320e-01 -3.287167330594013004e-01
-7.147667379209307614e-02 1.890275200429742286e+00 -1.211503909742239538e+00 -5.834291727178309017e-02 1.923922298681111975e+00 -1.172508208177422961e+00
1.522093197299248246e-01 1.475813336570555023e-01 -3.450420727661471787e-01 1.907960090493094618e-01 1.208209175389479556e-01 -2.928679677200375919e-01
-4.689692553840927314e-01 -1.007872522535988802e+00 9.667348685549280729e-01 -4.036905822007579858e-01 -9.934680138321282383e-01 9.898532822365158079e-01
6.052377341963565138e-01 -1.126143277731538467e-01 4.216609533058728043e-02 5.429961950408642712e-01 -4.287412724647315238e-02 3.286558206098276480e-02
4.627986072869336165e-03 2.499112479349441251e-01 4.633128279616969269e-01 5.632023226247938677e-03 2.278886043952811635e-01 3.560973234522469832e-01
-2.931057846150579849e-01 7.235084893919061511e-01 -1.129742822454881335e+00 -3.357336451156633927e-01 6.876326191443723479e-01 -1.085948220029707700e+00
-2.535107926582869653e-01 -3.722957685285999130e-01 1.635221745747165445e-01 -2.901649710509072166e-01 -4.257875620529916749e-01 1.726498928832164159e-01
6.093514995944625534e-01 6.900841455322943574e-01 -4.468577663692725466e-01 6.313929348165208122e-01 7.390043208181870105e-01 -4.761287888653257250e-01
2.349988483668096484e-01 6.119226029682789392e-02 1.743208087447449817e-01 2.481354795093773935e-01 5.163615338728930887e-02 1.977432934267923936e-01
2.529965719835237103e-01 8.638907336022760841e-02 7.610465986496241231e-02 2.322802567231250781e-01 8.086793776218102747e-02 9.491185418749797931e-02
-8.453787893107986839e-01 -4.663981520102764011e-01 3.085324048579557096e-02 -8.216436999981173717e-01 -4.457208499146657066e-01 1.082374836781907490e-02
-5.712991696619813542e-01 -2.056882699053038440e-03 -7.456199784067264469e-01 -5.269054573206475300e-01 3.775504558684628087e-02 -7.687839059165679778e-01
-8.911444293647289294e-01 -1.414106855598963763e+00 3.270443491494330890e-01 -9.593305869240021932e-01 -1.414812850352260565e+00 2.804876659971364261e-01
-3.692104444800203833e-01 2.277997589201239959e-01 6.319772092840459932e-01 -3.384284552240783839e-01 2.010900068036932942e-01 6.329445933850874617e-01
1.206875923669370243e+00 -1.874848580186844416e+00 5.759271557348506765e-02 1.160961276540050324e+00 -1.901858742322675155e+00 7.356907907633934707e-02
6.237496784878339140e-01 3.065783662938553533e+00 -2.725369576245275649e-01 6.637032229286782270e-01 3.077826540284395396e+00 -2.182174325419947436e-01
7.337929028871713610e-01 1.403822442103698498e-01 7.322502408628815962e-01 6.653494470785659143e-01 1.094453370033041384e-01 7.056736862932999621e-01
1.122029512333432288e+00 1.804400347744278044e+00 -3.434994107418574139e-01 1.008092714222005748e+00 1.688601064730543611e+00 -2.792009288644877740e-01
2.843640331440825397e-01 -4.016063469901057226e-01 -5.970102034001444347e-01 2.369998204747680026e-01 -2.699009944346421053e-01 -5.926295797830440915e-01
-1.432104579215677909e+00 1.173451579809758227e+00 -4.576564005393009976e-02 -1.337768511404735738e+00 1.121843113264397784e+00 -1.315638723670871923e-01
-7.003685590275595674e-01 -2.720227369497643100e+00 2.627667648040256099e-01 -5.726734703706041207e-01 -2.649988520563602901e+00 2.977206947213192345e-01
-1.455244509580024548e-01 3.013333154112701195e-01 -7.502479644795957414e-01 -1.495201192655331301e-01 2.862334188554046532e-01 -7.648989778462703670e-01
-1.391995366584143579e+00 -1.311262720646311886e+00 -4.987940545203617959e-01 -1.439158370622338090e+00 -1.366879510478456350e+00 -4.921589912172467107e-01
-2.545392340078135307e-01 -3.239590251008535315e-02 4.771967861803048661e-01 -2.642382092972729857e-01 -7.598135517901012659e-03 4.977998218711368605e-01
8.068122387035542298e-01 -1.753492500942715138e+00 1.090147830498110204e-01 8.438553234829846428e-01 -1.802445093043005375e+00 9.571744849636881769e-02
9.862752541959317609e-01 2.797874691386895485e+00 6.659157738184211528e-01 1.009061375702159147e+00 2.890689320183958078e+00 6.635406986960112885e-01
-1.023299142778886506e-01 -2.483685859106543881e-01 2.684231922264214698e-01 -9.128784850110457927e-02 -2.449849966403278290e-01 2.485801588559141406e-01
6.952263522799270179e-01 1.010957846584568331e+00 -6.566598016726824527e-01 6.778986771044444026e-01 1.025681738290892486e+00 -6.598777898283186838e-01
-1.285551686908149027e-01 -3.599544723342817248e-02 -2.324277449929933181e-01 -8.058101192876866714e-02 -5.622085748567903773e-02 -2.255437947547891397e-01
-3.666393411062040530e-01 3.990352436162894478e-01 -1.768919121185612842e-01 -3.754011678765885041e-01 3.987632954123040974e-01 -1.368838332725361706e-01
-9.667348685549279064e-02 -1.125629057056775073e+00 7.985847079073421506e-01 -1.306286487979833322e-01 -1.123239179577189883e+00 7.737252589997282159e-01
2.735653989740540748e-01 2.571103373816297985e-02 2.005460631576712338e-02 2.965216376850129953e-01 -9.985694731670356067e-03 5.510589720645916317e-02
2.385983930901524330e-01 1.753492500942714916e-01 1.414106855598963597e-01 2.637514821409372989e-01 1.610480382587467230e-01 1.532847290849296551e-01
6.335198713083357580e-01 -2.509396892844706350e-01 2.776791643721601699e-02 6.029304204837937498e-01 -2.071517083024700390e-01 2.042381081444149052e-02
-3.784664166257590279e-01 7.363640062609876358e-01 4.602275039131172862e-01 -3.642493978323459447e-01 7.507153426553226927e-01 3.906504271948013085e-01
-7.703025707953627954e-01 -6.859703801341882068e-01 -6.520318155998131582e-01 -7.989541424773973777e-01 -6.946259778799285245e-01 -6.194648643006320787e-01
8.566916441555905148e-01 1.897474289876427966e-01 4.921091857484394261e-01 8.132264257530220641e-01 1.432386670193949441e-01 4.765103601622669993e-01
8.623480715779863193e-01 1.324118237515393259e+00 -3.542980449118858788e-01 9.241171535515418922e-01 1.331000907551717960e+00 -2.999303570276551367e-01
7.631034813486772261e-01 -4.509715317673786417e-01 -4.031490090143954874e-01 7.320212631846876317e-01 -3.412661364037394840e-01 -4.108507986143538071e-01
-1.208418585693660008e+00 1.530834948770223747e+00 4.869669790008067656e-01 -1.123485417142404019e+00 1.507978604495540109e+00 3.835721591018507182e-01
-1.275781494087646850e+00 -2.594757524855407560e+00 -2.242002141967811835e-01 -1.345879425346848679e+00 -2.640952042662913613e+00 -1.493013636221083018e-01
-2.961911086636375146e-01 4.113765398106076880e-03 -4.242320566796891623e-01 -2.805820363797296157e-01 -4.701944457962645152e-02 -3.482607989295966044e-01
-6.566598016726824527e-01 -1.310234279296785376e+00 1.373997642967429655e+00 -5.733010326949216084e-01 -1.277652984959769755e+00 1.397794943934255629e+00
2.355130690415728756e-01 -6.016381894730137014e-02 -5.039362612679943593e-02 1.925740910789236482e-01 -2.637019270995909215e-02 -5.438828914860310143e-02
8.032126939802114451e-01 -5.908395553029852643e-01 2.370557310658626682e-01 8.331287314524913334e-01 -6.399953197018407591e-01 1.754602237159433309e-01
-8.484641133593782969e-02 1.960209212197545625e+00 -1.141569897974436198e+00 -1.718197534567629248e-01 1.991037941951195878e+00 -1.170606079571999247e+00
1.897474289876427966e-01 -1.275267273412883651e-01 3.758953132519427531e-01 1.980763672728910740e-01 -1.698613524922434614e-01 3.739389531360154395e-01
5.445596945742918749e-01 1.434675682589494183e+00 -1.636250187096691899e+00 5.513308614504840444e-01 1.445258091270001932e+00 -1.613539414132028282e+00
9.513082483120302579e-02 8.381796998641130592e-02 1.069579003507579867e-01 1.404715467044584110e-01 6.454276186402957416e-02 9.079806843054728793e-02
-5.394174878266592144e-01 6.813423940613189123e-01 -9.204550078262345447e-02 -5.673786983152085961e-01 6.862979054466356033e-01 -5.729114512923382668e-02
-2.920773432655314195e-01 -2.081051070766911426e+00 1.244928253601851331e+00 -3.225000771126252386e-01 -2.026237406088423842e+00 1.206093537694699069e+00
-4.422297802964032520e-01 -2.488828065854176153e-01 -3.296154525232493637e-01 -3.938555705828525322e-01 -2.439633372370714204e-01 -3.003967986532823375e-01
-2.118589180024629537e-01 -1.181679110605970529e+00 1.298407203777230512e+00 -2.067112726824435753e-01 -1.215613890432083011e+00 1.339071688251558312e+00
5.317041777052103901e-01 6.427758434540745136e-02 3.054470808093761591e-01 4.753735213544857396e-01 1.103324246439986861e-01 3.086664623838116794e-01
1.293779217704360995e+00 -8.752035884470678040e-01 3.213879217270372290e-01 1.332918234556165427e+00 -9.500338188339408907e-01 2.434442352110621488e-01
-1.177051124533101234e+00 2.245087466016391087e+00 -1.599226298513737099e+00 -1.207724912645356419e+00 2.299278621859096816e+00 -1.590785587193151107e+00
-4.838816549522272359e-01 -3.748668719024161877e-01 -1.696928226718756594e-02 -5.013031519706896422e-01 -3.816019744440040662e-01 -2.466459739956067959e-02
3.630397963828612684e-01 1.995176218081447239e-01 2.262570968958342241e-02 3.609511758274762117e-01 2.258145763904342018e-01 9.249820632608977966e-03
4.833674342774639532e-02 -2.056882699053038440e-03 -4.113765398106076880e-03 6.826397718518151247e-02 -1.778490938316711761e-02 7.027466249214382212e-03
3.635540170576245234e-01 -2.596814407554460802e-01 1.079863417002845105e-02 3.518593224913894590e-01 -2.588988145296303722e-01 3.468543232945432708e-02
-2.910489019160049096e-01 4.391444562478237224e-01 -1.388395821860800849e-02 -2.797713235333579851e-01 4.324711219663671669e-01 -2.629812181171745089e-02
-3.373287626446982435e-01 -5.296472950061573703e-01 4.273173807282686920e-01 -2.740707262321194215e-01 -5.756574480931481164e-01 4.538012082328632402e-01
1.821883850686228712e+00 1.021242260079833430e+00 1.294293438379124472e+00 1.750549562594357011e+00 1.070213129214183878e+00 1.300048796019182218e+00
3.923503748443670225e-01 3.686962238052571283e-01 -3.172741563289311340e-01 4.388282694762837832e-01 3.274824077257500465e-01 -2.769801565290799239e-01
8.227530796212154107e-02 1.683558489174911799e+00 6.582024636969723008e-02 -8.763810834448439516e-03 1.626554236903876127e+00 4.947280640535289820e-02
-1.963294536246124933e+00 -2.540250133330502091e+00 -1.472728012521975272e+00 -1.906543295004072380e+00 -2.448592325750663434e+00 -1.526342654128316934e+00
