# ../20.data/validation_data: data_e pred_e
-4.755551657923480775e+02 -4.755568172768350905e+02
-4.755548936784856551e+02 -4.755505801296494042e+02
-4.755377505051506546e+02 -4.755403170779486572e+02
-4.755600638418723634e+02 -4.755550415472574741e+02
-4.755668666884338336e+02 -4.755663623243832490e+02
-4.755557100200729792e+02 -4.755513936607487153e+02
-4.755595196141474048e+02 -4.755626867008478484e+02
-4.755450975794370834e+02 -4.755478267893266775e+02
-4.755464581487493092e+02 -4.755505291641849794e+02
-4.755502677428237917e+02 -4.755526322157954837e+02
-4.755597917280099409e+02 -4.755555113419438271e+02
-4.755570705893853187e+02 -4.755524764931619188e+02
-4.755524446537235121e+02 -4.755558481692609121e+02
-4.755619686389095477e+02 -4.755636803282619667e+02
-4.755597917280099409e+02 -4.755619062097765664e+02
-4.755499956289613692e+02 -4.755522207728717490e+02
-4.755595196141474048e+02 -4.755626456055412632e+02
-4.755426485546749404e+02 -4.755468206186078532e+02
-4.755464581487493092e+02 -4.755498298594540643e+02
-4.755592475002849255e+02 -4.755612407844140535e+02
-4.755486350596490297e+02 -4.755506683252509106e+02
-4.755521725398610329e+02 -4.755553751958856310e+02
-4.755706762825083160e+02 -4.755702867801595630e+02
-4.755674109161587921e+02 -4.755715726563114458e+02
-4.755344851388011307e+02 -4.755352526003268281e+02
-4.755627849804969856e+02 -4.755618798106116287e+02
-4.755529888814484138e+02 -4.755488668404530017e+02
-4.755573427032477980e+02 -4.755606979067415523e+02
-4.755415600992250234e+02 -4.755449525929182073e+02
-4.755619686389095477e+02 -4.755639825877894964e+02
-4.755195188763658507e+02 -4.755198055918422142e+02
-4.755701320547834143e+02 -4.755704814991748322e+02
-4.755344851388011307e+02 -4.755304996762416749e+02
-4.755682272577461731e+02 -4.755718412648004687e+02
-4.755472744903367470e+02 -4.755514727876530969e+02
-4.755355735942509341e+02 -4.755344751468896902e+02
-4.755649618913966492e+02 -4.755678501602051824e+02
-4.755557100200729792e+02 -4.755592580709069352e+02
-4.755611522973221668e+02 -4.755605264496312543e+02
-4.755426485546749404e+02 -4.755365581207360037e+02
