#  step      rmse_val    rmse_trn    rmse_e_val  rmse_e_trn    rmse_f_val  rmse_f_trn         lr
      0      6.31e+01    4.97e+01      1.51e-01    1.90e-01      1.99e+00    1.57e+00    1.0e-03
    200      4.07e+01    4.29e+01      1.50e+00    1.50e+00      1.30e+00    1.37e+00    9.8e-04
    400      1.77e+01    1.18e+01      6.44e+00    6.43e+00      5.34e-01    3.24e-01    9.6e-04
    600      1.19e+01    9.23e+00      2.96e-02    1.64e-02      3.87e-01    3.01e-01    9.4e-04
    800      1.05e+01    7.84e+00      4.47e-02    4.47e-02      3.46e-01    2.58e-01    9.2e-04
   1000      7.75e+00    5.49e+00      8.92e-02    8.57e-02      2.58e-01    1.83e-01    9.0e-04
   1200      4.96e+00    4.40e+00      7.49e-02    7.71e-02      1.67e-01    1.48e-01    8.8e-04
   1400      8.07e+00    6.91e+00      3.26e-01    3.29e-01      2.74e-01    2.34e-01    8.7e-04
   1600      8.24e+00    8.09e+00      4.96e-01    4.97e-01      2.82e-01    2.76e-01    8.5e-04
   1800      3.57e+00    9.88e+00      1.11e-01    1.05e-01      1.24e-01    3.42e-01    8.3e-04
   2000      6.58e+00    6.85e+00      6.62e-02    7.48e-02      2.30e-01    2.40e-01    8.1e-04
   2200      7.31e+00    3.71e+00      9.30e-02    9.26e-02      2.59e-01    1.31e-01    8.0e-04
   2400      8.56e+00    6.22e+00      1.47e-01    1.42e-01      3.06e-01    2.22e-01    7.8e-04
   2600      6.91e+00    5.75e+00      6.27e-02    5.82e-02      2.50e-01    2.08e-01    7.7e-04
   2800      5.32e+00    6.51e+00      1.76e-01    1.78e-01      1.94e-01    2.37e-01    7.5e-04
   3000      7.19e+00    8.36e+00      3.95e-02    4.41e-02      2.65e-01    3.08e-01    7.4e-04
   3200      5.76e+00    4.19e+00      2.39e-01    2.36e-01      2.14e-01    1.55e-01    7.2e-04
   3400      7.37e+00    6.64e+00      1.75e-01    1.78e-01      2.77e-01    2.50e-01    7.1e-04
   3600      7.49e+00    6.40e+00      8.16e-02    7.78e-02      2.85e-01    2.43e-01    6.9e-04
   3800      2.96e+00    5.72e+00      1.11e-01    1.11e-01      1.13e-01    2.19e-01    6.8e-04
   4000      4.55e+00    5.32e+00      1.95e-01    1.90e-01      1.76e-01    2.06e-01    6.6e-04
   4200      7.92e+00    6.12e+00      8.53e-02    8.86e-02      3.10e-01    2.40e-01    6.5e-04
   4400      9.27e+00    5.72e+00      2.12e-01    2.08e-01      3.67e-01    2.26e-01    6.4e-04
   4600      4.14e+00    3.67e+00      1.72e-02    1.44e-02      1.66e-01    1.47e-01    6.2e-04
   4800      6.85e+00    4.24e+00      6.25e-02    5.69e-02      2.77e-01    1.71e-01    6.1e-04
   5000      6.71e+00    2.77e+00      1.71e-01    1.66e-01      2.74e-01    1.12e-01    6.0e-04
   5200      5.19e+00    4.62e+00      1.10e-01    1.11e-01      2.14e-01    1.90e-01    5.9e-04
   5400      4.31e+00    2.96e+00      1.74e-01    1.71e-01      1.79e-01    1.22e-01    5.7e-04
   5600      2.46e+00    2.94e+00      8.71e-02    8.80e-02      1.03e-01    1.24e-01    5.6e-04
   5800      5.47e+00    5.70e+00      1.51e-01    1.44e-01      2.32e-01    2.42e-01    5.5e-04
   6000      4.05e+00    3.94e+00      3.32e-02    3.59e-02      1.74e-01    1.69e-01    5.4e-04
   6200      4.76e+00    2.87e+00      1.99e-01    2.02e-01      2.05e-01    1.22e-01    5.3e-04
   6400      2.38e+00    3.78e+00      5.05e-02    5.08e-02      1.04e-01    1.66e-01    5.2e-04
   6600      2.75e+00    3.32e+00      5.83e-02    5.85e-02      1.22e-01    1.47e-01    5.1e-04
   6800      2.72e+00    3.70e+00      2.02e-01    2.01e-01      1.19e-01    1.64e-01    5.0e-04
   7000      2.75e+00    3.50e+00      1.72e-01    1.75e-01      1.22e-01    1.57e-01    4.9e-04
   7200      4.71e+00    4.49e+00      3.67e-01    3.60e-01      2.10e-01    2.00e-01    4.8e-04
   7400      4.78e+00    4.62e+00      1.03e-01    1.02e-01      2.20e-01    2.13e-01    4.7e-04
   7600      4.26e+00    3.32e+00      1.22e-01    1.22e-01      1.98e-01    1.54e-01    4.6e-04
   7800      4.51e+00    2.98e+00      4.89e-02    5.01e-02      2.12e-01    1.41e-01    4.5e-04
   8000      3.87e+00    3.81e+00      8.79e-02    8.80e-02      1.84e-01    1.81e-01    4.4e-04
   8200      2.98e+00    3.83e+00      7.62e-02    7.97e-02      1.43e-01    1.84e-01    4.3e-04
   8400      3.60e+00    3.36e+00      7.53e-02    7.53e-02      1.75e-01    1.63e-01    4.2e-04
   8600      2.27e+00    5.96e+00      4.97e-02    5.51e-02      1.11e-01    2.93e-01    4.1e-04
   8800      3.53e+00    2.24e+00      8.80e-03    1.12e-02      1.75e-01    1.11e-01    4.1e-04
   9000      4.46e+00    3.54e+00      7.25e-02    7.56e-02      2.24e-01    1.77e-01    4.0e-04
   9200      3.87e+00    3.71e+00      1.21e-02    1.43e-02      1.96e-01    1.88e-01    3.9e-04
   9400      3.41e+00    2.03e+00      1.47e-02    1.82e-02      1.74e-01    1.04e-01    3.8e-04
   9600      4.64e+00    1.92e+00      9.30e-02    9.09e-02      2.39e-01    9.84e-02    3.7e-04
   9800      4.52e+00    2.10e+00      1.36e-02    1.98e-02      2.36e-01    1.10e-01    3.7e-04
  10000      3.83e+00    2.88e+00      4.68e-02    4.32e-02      2.02e-01    1.52e-01    3.6e-04
  10200      2.39e+00    5.45e+00      1.89e-02    2.31e-02      1.27e-01    2.90e-01    3.5e-04
  10400      4.38e+00    2.44e+00      7.10e-02    7.08e-02      2.36e-01    1.31e-01    3.4e-04
  10600      4.13e+00    2.75e+00      3.83e-02    3.66e-02      2.25e-01    1.50e-01    3.4e-04
  10800      1.34e+00    1.85e+00      1.90e-01    1.88e-01      6.53e-02    9.58e-02    3.3e-04
  11000      3.08e+00    3.80e+00      2.87e-02    2.93e-02      1.71e-01    2.11e-01    3.2e-04
  11200      3.38e+00    2.32e+00      2.16e-02    2.45e-02      1.90e-01    1.30e-01    3.2e-04
  11400      2.06e+00    2.18e+00      7.95e-02    7.72e-02      1.16e-01    1.23e-01    3.1e-04
  11600      2.96e+00    3.14e+00      9.00e-02    9.04e-02      1.69e-01    1.79e-01    3.0e-04
  11800      3.25e+00    1.35e+00      1.55e-01    1.55e-01      1.86e-01    7.19e-02    3.0e-04
  12000      1.95e+00    2.99e+00      1.39e-01    1.38e-01      1.10e-01    1.73e-01    2.9e-04
  12200      2.64e+00    1.36e+00      7.59e-02    8.14e-02      1.55e-01    7.89e-02    2.9e-04
  12400      3.86e+00    3.35e+00      3.63e-02    4.38e-02      2.30e-01    2.00e-01    2.8e-04
  12600      2.59e+00    1.91e+00      1.79e-01    1.80e-01      1.51e-01    1.09e-01    2.7e-04
  12800      2.60e+00    3.72e+00      1.18e-01    1.13e-01      1.57e-01    2.25e-01    2.7e-04
  13000      2.08e+00    2.21e+00      9.63e-02    9.69e-02      1.26e-01    1.34e-01    2.6e-04
  13200      2.77e+00    2.36e+00      8.30e-02    8.25e-02      1.71e-01    1.46e-01    2.6e-04
  13400      3.04e+00    3.94e+00      9.56e-02    9.61e-02      1.90e-01    2.47e-01    2.5e-04
  13600      2.01e+00    3.02e+00      8.28e-02    7.76e-02      1.26e-01    1.91e-01    2.5e-04
  13800      1.72e+00    2.68e+00      1.52e-01    1.55e-01      1.05e-01    1.68e-01    2.4e-04
  14000      2.82e+00    3.29e+00      1.12e-01    1.11e-01      1.81e-01    2.12e-01    2.4e-04
  14200      1.52e+00    1.93e+00      1.71e-01    1.70e-01      9.16e-02    1.20e-01    2.3e-04
  14400      1.73e+00    1.20e+00      2.41e-02    2.42e-02      1.14e-01    7.92e-02    2.3e-04
  14600      3.84e+00    2.47e+00      1.35e-01    1.36e-01      2.54e-01    1.62e-01    2.2e-04
  14800      2.22e+00    2.63e+00      2.99e-02    2.91e-02      1.50e-01    1.77e-01    2.2e-04
  15000      2.79e+00    3.01e+00      4.40e-02    4.60e-02      1.90e-01    2.05e-01    2.1e-04
  15200      1.67e+00    1.59e+00      2.84e-02    2.82e-02      1.15e-01    1.09e-01    2.1e-04
  15400      9.74e-01    2.71e+00      3.48e-02    3.14e-02      6.71e-02    1.88e-01    2.1e-04
  15600      1.45e+00    2.98e+00      1.37e-01    1.39e-01      9.56e-02    2.06e-01    2.0e-04
  15800      9.54e-01    2.07e+00      8.22e-02    8.24e-02      6.44e-02    1.45e-01    2.0e-04
  16000      1.83e+00    3.01e+00      5.94e-03    6.98e-03      1.31e-01    2.15e-01    1.9e-04
  16200      1.62e+00    1.76e+00      5.12e-02    5.12e-02      1.16e-01    1.27e-01    1.9e-04
  16400      3.04e+00    1.81e+00      4.31e-02    4.26e-02      2.22e-01    1.32e-01    1.9e-04
  16600      2.27e+00    2.37e+00      5.46e-02    5.33e-02      1.67e-01    1.74e-01    1.8e-04
  16800      3.03e+00    1.81e+00      1.39e-02    1.37e-02      2.27e-01    1.35e-01    1.8e-04
  17000      2.36e+00    1.05e+00      5.24e-02    5.15e-02      1.77e-01    7.81e-02    1.7e-04
  17200      2.15e+00    1.43e+00      4.24e-02    4.68e-02      1.64e-01    1.09e-01    1.7e-04
  17400      2.05e+00    2.15e+00      1.59e-02    1.69e-02      1.58e-01    1.66e-01    1.7e-04
  17600      2.09e+00    1.53e+00      1.76e-02    1.49e-02      1.63e-01    1.19e-01    1.6e-04
  17800      2.51e+00    1.55e+00      8.37e-02    8.40e-02      1.96e-01    1.20e-01    1.6e-04
  18000      6.67e-01    1.56e+00      6.26e-02    6.02e-02      4.97e-02    1.22e-01    1.6e-04
  18200      6.64e-01    1.53e+00      3.81e-02    3.88e-02      5.20e-02    1.22e-01    1.5e-04
  18400      4.33e-01    2.11e+00      1.45e-03    2.18e-03      3.51e-02    1.71e-01    1.5e-04
  18600      2.29e+00    8.75e-01      2.48e-02    2.78e-02      1.87e-01    7.11e-02    1.5e-04
  18800      1.74e+00    7.53e-01      4.51e-02    4.35e-02      1.43e-01    6.08e-02    1.5e-04
  19000      1.54e+00    1.87e+00      2.43e-03    1.77e-03      1.29e-01    1.56e-01    1.4e-04
  19200      1.97e+00    1.38e+00      1.36e-02    1.39e-02      1.66e-01    1.16e-01    1.4e-04
  19400      1.69e+00    2.60e+00      3.12e-02    3.10e-02      1.44e-01    2.22e-01    1.4e-04
  19600      2.56e+00    1.42e+00      8.64e-03    8.57e-03      2.20e-01    1.23e-01    1.3e-04
  19800      2.13e+00    2.14e+00      2.01e-02    2.01e-02      1.85e-01    1.86e-01    1.3e-04
  20000      9.06e-01    7.84e-01      2.64e-02    2.57e-02      7.91e-02    6.84e-02    1.3e-04
  20200      1.10e+00    1.55e+00      3.69e-02    3.75e-02      9.66e-02    1.37e-01    1.3e-04
  20400      1.27e+00    1.45e+00      1.02e-03    1.16e-03      1.14e-01    1.30e-01    1.2e-04
  20600      1.70e+00    1.83e+00      3.16e-02    3.10e-02      1.53e-01    1.65e-01    1.2e-04
  20800      1.28e+00    1.52e+00      6.55e-03    7.63e-03      1.17e-01    1.39e-01    1.2e-04
  21000      2.07e+00    1.29e+00      2.35e-02    2.54e-02      1.92e-01    1.19e-01    1.2e-04
  21200      1.72e+00    1.83e+00      3.58e-02    3.67e-02      1.60e-01    1.71e-01    1.1e-04
  21400      9.68e-01    1.61e+00      1.18e-02    1.36e-02      9.13e-02    1.52e-01    1.1e-04
  21600      1.33e+00    1.40e+00      1.09e-02    9.81e-03      1.27e-01    1.33e-01    1.1e-04
  21800      1.29e+00    1.48e+00      6.76e-03    7.59e-03      1.24e-01    1.43e-01    1.1e-04
  22000      2.16e+00    1.04e+00      7.15e-03    7.88e-03      2.10e-01    1.02e-01    1.0e-04
  22200      1.39e+00    1.48e+00      1.63e-02    1.92e-02      1.36e-01    1.45e-01    1.0e-04
  22400      1.40e+00    6.35e-01      1.65e-02    1.70e-02      1.39e-01    6.27e-02    1.0e-04
  22600      1.26e+00    7.69e-01      4.48e-03    5.17e-03      1.26e-01    7.71e-02    9.8e-05
  22800      1.07e+00    1.14e+00      6.85e-03    6.76e-03      1.08e-01    1.16e-01    9.6e-05
  23000      5.32e-01    5.06e-01      3.70e-02    3.71e-02      5.25e-02    4.97e-02    9.4e-05
  23200      5.77e-01    1.34e+00      1.48e-02    1.53e-02      5.94e-02    1.39e-01    9.3e-05
  23400      2.15e+00    8.65e-01      4.17e-03    1.77e-03      2.25e-01    9.04e-02    9.1e-05
  23600      1.20e+00    1.02e+00      3.96e-03    2.97e-03      1.26e-01    1.08e-01    8.9e-05
  23800      1.16e+00    1.26e+00      1.05e-02    1.25e-02      1.24e-01    1.34e-01    8.7e-05
  24000      4.96e-01    1.41e+00      8.85e-03    1.20e-02      5.33e-02    1.52e-01    8.5e-05
  24200      1.38e+00    1.73e+00      1.43e-02    1.27e-02      1.50e-01    1.89e-01    8.4e-05
  24400      1.03e+00    1.50e+00      3.43e-02    3.63e-02      1.13e-01    1.65e-01    8.2e-05
  24600      2.06e+00    1.02e+00      1.09e-02    1.06e-02      2.28e-01    1.13e-01    8.0e-05
  24800      1.14e+00    1.37e+00      1.35e-03    2.17e-03      1.28e-01    1.54e-01    7.9e-05
  25000      4.29e-01    1.20e+00      1.03e-02    1.19e-02      4.83e-02    1.36e-01    7.7e-05
  25200      5.61e-01    6.37e-01      7.47e-03    7.69e-03      6.41e-02    7.29e-02    7.5e-05
  25400      7.31e-01    5.05e-01      1.46e-02    1.31e-02      8.43e-02    5.82e-02    7.4e-05
  25600      9.24e-01    1.07e+00      1.53e-02    1.59e-02      1.08e-01    1.24e-01    7.2e-05
  25800      9.69e-01    6.51e-01      5.84e-03    5.60e-03      1.14e-01    7.68e-02    7.1e-05
  26000      1.36e+00    8.08e-01      1.03e-02    7.11e-03      1.62e-01    9.62e-02    6.9e-05
  26200      6.66e-01    1.14e+00      1.35e-02    1.63e-02      7.99e-02    1.37e-01    6.8e-05
  26400      1.51e+00    8.27e-01      3.65e-03    1.47e-03      1.84e-01    1.01e-01    6.7e-05
  26600      1.08e+00    3.62e-01      7.59e-03    6.20e-03      1.32e-01    4.44e-02    6.5e-05
  26800      1.35e+00    3.12e-01      1.01e-02    7.41e-03      1.67e-01    3.86e-02    6.4e-05
  27000      1.18e+00    9.69e-01      1.91e-03    1.43e-03      1.48e-01    1.21e-01    6.3e-05
  27200      1.22e+00    1.16e+00      1.58e-02    1.46e-02      1.55e-01    1.46e-01    6.1e-05
  27400      1.37e+00    7.87e-01      1.15e-02    1.19e-02      1.75e-01    1.01e-01    6.0e-05
  27600      6.10e-01    1.24e+00      9.10e-03    9.22e-03      7.87e-02    1.60e-01    5.9e-05
  27800      5.67e-01    1.01e+00      1.05e-02    1.11e-02      7.38e-02    1.31e-01    5.8e-05
  28000      5.83e-01    1.07e+00      1.40e-02    1.40e-02      7.65e-02    1.41e-01    5.7e-05
  28200      1.04e+00    1.04e+00      8.34e-03    1.02e-02      1.38e-01    1.39e-01    5.5e-05
  28400      9.76e-01    1.40e+00      1.10e-02    1.46e-02      1.31e-01    1.89e-01    5.4e-05
  28600      1.10e+00    5.18e-01      1.91e-02    1.82e-02      1.49e-01    6.97e-02    5.3e-05
  28800      1.59e+00    7.65e-01      3.70e-03    4.56e-03      2.18e-01    1.05e-01    5.2e-05
  29000      1.24e+00    1.14e+00      2.06e-02    2.02e-02      1.71e-01    1.57e-01    5.1e-05
  29200      1.28e+00    6.34e-01      8.31e-03    6.84e-03      1.80e-01    8.87e-02    5.0e-05
  29400      7.76e-01    7.92e-01      6.68e-03    5.85e-03      1.10e-01    1.12e-01    4.9e-05
  29600      1.50e+00    5.32e-01      2.57e-03    1.48e-03      2.15e-01    7.60e-02    4.8e-05
  29800      3.06e-01    8.29e-01      1.69e-02    1.58e-02      4.32e-02    1.19e-01    4.7e-05
  30000      1.94e-01    4.36e-01      3.43e-03    3.04e-03      2.82e-02    6.35e-02    4.6e-05
  30200      1.30e+00    1.26e+00      2.07e-03    5.19e-04      1.91e-01    1.85e-01    4.5e-05
  30400      8.21e-01    8.66e-01      9.70e-03    9.81e-03      1.22e-01    1.29e-01    4.4e-05
  30600      3.73e-01    1.51e+00      1.43e-02    1.54e-02      5.55e-02    2.27e-01    4.3e-05
  30800      8.43e-01    9.31e-01      2.17e-02    2.20e-02      1.27e-01    1.41e-01    4.2e-05
  31000      6.97e-01    8.26e-01      9.65e-03    9.28e-03      1.07e-01    1.26e-01    4.2e-05
  31200      8.19e-01    1.23e+00      8.12e-03    8.20e-03      1.27e-01    1.91e-01    4.1e-05
  31400      8.44e-01    7.44e-01      1.11e-02    9.94e-03      1.32e-01    1.16e-01    4.0e-05
  31600      8.93e-01    1.10e+00      9.22e-03    1.12e-02      1.41e-01    1.73e-01    3.9e-05
  31800      6.47e-01    3.84e-01      1.38e-02    1.39e-02      1.03e-01    6.07e-02    3.8e-05
  32000      7.87e-01    8.43e-01      5.02e-03    4.38e-03      1.27e-01    1.36e-01    3.8e-05
  32200      2.26e-01    1.15e+00      1.74e-03    1.40e-03      3.68e-02    1.87e-01    3.7e-05
  32400      7.69e-01    3.26e-01      3.00e-03    4.41e-03      1.26e-01    5.36e-02    3.6e-05
  32600      1.28e+00    8.89e-01      2.27e-02    2.52e-02      2.12e-01    1.47e-01    3.5e-05
  32800      5.77e-01    7.61e-01      6.55e-04    1.33e-03      9.68e-02    1.28e-01    3.5e-05
  33000      7.14e-01    1.05e+00      6.45e-03    4.10e-03      1.21e-01    1.78e-01    3.4e-05
  33200      8.80e-01    6.92e-01      7.47e-03    7.71e-03      1.50e-01    1.18e-01    3.3e-05
  33400      8.58e-01    5.86e-01      1.90e-02    1.92e-02      1.48e-01    1.01e-01    3.3e-05
  33600      7.36e-01    6.05e-01      1.22e-03    2.60e-03      1.29e-01    1.06e-01    3.2e-05
  33800      4.43e-01    3.12e-01      4.76e-03    5.31e-03      7.79e-02    5.48e-02    3.1e-05
  34000      1.16e+00    3.08e-01      5.04e-03    5.62e-03      2.07e-01    5.47e-02    3.1e-05
  34200      5.79e-01    9.56e-01      2.91e-03    1.60e-03      1.04e-01    1.72e-01    3.0e-05
  34400      6.35e-01    6.80e-01      1.18e-03    1.04e-03      1.15e-01    1.23e-01    2.9e-05
  34600      7.95e-01    6.07e-01      6.87e-04    2.40e-04      1.46e-01    1.11e-01    2.9e-05
  34800      8.53e-01    5.94e-01      5.57e-03    4.79e-03      1.58e-01    1.10e-01    2.8e-05
  35000      5.67e-01    7.90e-01      6.99e-03    7.00e-03      1.06e-01    1.48e-01    2.8e-05
  35200      6.76e-01    7.41e-01      8.63e-04    8.67e-04      1.28e-01    1.40e-01    2.7e-05
  35400      5.18e-01    3.17e-01      5.02e-03    5.35e-03      9.89e-02    6.04e-02    2.6e-05
  35600      8.96e-01    4.61e-01      1.21e-03    5.05e-04      1.73e-01    8.88e-02    2.6e-05
  35800      3.46e-01    8.14e-01      1.62e-03    8.42e-04      6.74e-02    1.58e-01    2.5e-05
  36000      5.31e-01    6.29e-01      6.88e-03    9.13e-03      1.04e-01    1.23e-01    2.5e-05
  36200      6.44e-01    5.43e-01      4.06e-03    2.45e-03      1.28e-01    1.08e-01    2.4e-05
  36400      6.36e-01    3.48e-01      1.22e-02    1.17e-02      1.27e-01    6.91e-02    2.4e-05
  36600      1.03e+00    3.05e-01      2.68e-03    2.40e-03      2.09e-01    6.18e-02    2.3e-05
  36800      2.95e-01    2.79e-01      7.66e-03    7.32e-03      6.00e-02    5.67e-02    2.3e-05
  37000      6.90e-01    7.91e-01      3.28e-03    6.57e-03      1.42e-01    1.63e-01    2.2e-05
  37200      6.38e-01    2.46e-01      7.61e-03    7.67e-03      1.33e-01    5.09e-02    2.2e-05
  37400      4.12e-01    9.91e-01      4.34e-03    5.06e-03      8.66e-02    2.09e-01    2.2e-05
  37600      5.96e-01    2.31e-01      5.74e-03    4.06e-03      1.27e-01    4.90e-02    2.1e-05
  37800      1.89e-01    2.36e-01      2.28e-03    2.79e-03      4.06e-02    5.06e-02    2.1e-05
  38000      5.55e-01    8.82e-01      9.15e-04    4.41e-04      1.20e-01    1.91e-01    2.0e-05
  38200      6.56e-01    4.42e-01      1.18e-03    2.40e-03      1.44e-01    9.67e-02    2.0e-05
  38400      6.90e-01    3.94e-01      1.63e-03    1.95e-03      1.52e-01    8.70e-02    1.9e-05
  38600      6.74e-01    6.77e-01      9.83e-04    3.08e-03      1.50e-01    1.51e-01    1.9e-05
  38800      6.72e-01    4.68e-01      1.08e-02    9.29e-03      1.51e-01    1.05e-01    1.9e-05
  39000      9.43e-01    4.25e-01      5.99e-03    6.17e-03      2.15e-01    9.66e-02    1.8e-05
  39200      5.09e-01    5.20e-01      1.29e-03    2.15e-03      1.17e-01    1.20e-01    1.8e-05
  39400      7.98e-01    5.91e-01      2.47e-03    4.02e-03      1.85e-01    1.37e-01    1.8e-05
  39600      6.03e-01    3.01e-01      1.38e-03    2.70e-03      1.41e-01    7.05e-02    1.7e-05
  39800      6.86e-01    5.72e-01      3.50e-03    3.37e-03      1.62e-01    1.35e-01    1.7e-05
  40000      5.20e-01    1.97e-01      1.41e-03    1.61e-03      1.24e-01    4.69e-02    1.7e-05
  40200      6.12e-01    2.55e-01      9.00e-04    1.74e-03      1.48e-01    6.16e-02    1.6e-05
  40400      4.71e-01    4.37e-01      3.16e-03    1.77e-03      1.15e-01    1.06e-01    1.6e-05
  40600      4.67e-01    7.13e-01      1.59e-03    5.19e-03      1.15e-01    1.75e-01    1.6e-05
  40800      5.41e-01    5.36e-01      3.50e-03    5.23e-03      1.34e-01    1.33e-01    1.5e-05
  41000      5.02e-01    4.93e-01      3.11e-03    4.32e-03      1.26e-01    1.23e-01    1.5e-05
  41200      5.38e-01    3.75e-01      2.87e-03    3.65e-03      1.36e-01    9.48e-02    1.5e-05
  41400      1.99e-01    5.99e-01      5.65e-03    5.98e-03      5.05e-02    1.53e-01    1.4e-05
  41600      4.07e-01    5.98e-01      3.17e-03    2.75e-03      1.05e-01    1.54e-01    1.4e-05
  41800      6.47e-01    6.54e-01      3.89e-03    6.37e-03      1.69e-01    1.70e-01    1.4e-05
  42000      7.08e-01    3.87e-01      3.08e-03    2.20e-03      1.86e-01    1.02e-01    1.3e-05
  42200      2.37e-01    5.95e-01      1.90e-03    1.79e-03      6.28e-02    1.58e-01    1.3e-05
  42400      3.38e-01    3.87e-01      2.42e-03    1.23e-03      9.06e-02    1.04e-01    1.3e-05
  42600      6.11e-01    3.91e-01      3.65e-03    3.00e-03      1.65e-01    1.06e-01    1.3e-05
  42800      5.85e-01    5.39e-01      4.30e-03    1.66e-03      1.60e-01    1.47e-01    1.2e-05
  43000      5.22e-01    2.34e-01      2.11e-03    7.21e-04      1.44e-01    6.46e-02    1.2e-05
  43200      2.27e-01    7.41e-01      2.46e-03    2.36e-03      6.31e-02    2.06e-01    1.2e-05
  43400      3.93e-01    6.91e-01      8.66e-03    7.19e-03      1.10e-01    1.94e-01    1.2e-05
  43600      5.45e-01    7.94e-01      1.43e-03    3.16e-03      1.55e-01    2.25e-01    1.1e-05
  43800      6.41e-01    3.87e-01      2.70e-03    2.73e-03      1.84e-01    1.11e-01    1.1e-05
  44000      6.46e-01    3.85e-01      1.83e-03    3.63e-03      1.87e-01    1.11e-01    1.1e-05
  44200      4.41e-01    4.67e-01      1.22e-03    2.24e-03      1.29e-01    1.36e-01    1.1e-05
  44400      4.33e-01    4.10e-01      1.54e-03    2.30e-03      1.28e-01    1.21e-01    1.1e-05
  44600      6.04e-01    1.90e-01      2.83e-03    8.26e-04      1.80e-01    5.64e-02    1.0e-05
  44800      2.66e-01    4.59e-01      1.52e-03    2.03e-03      8.00e-02    1.38e-01    1.0e-05
  45000      1.95e-01    3.22e-01      2.83e-04    4.47e-04      5.90e-02    9.76e-02    9.9e-06
  45200      4.81e-01    5.79e-01      2.61e-04    4.48e-03      1.47e-01    1.77e-01    9.7e-06
  45400      3.10e-01    2.46e-01      3.15e-03    3.35e-03      9.57e-02    7.59e-02    9.5e-06
  45600      2.36e-01    3.07e-01      3.86e-03    3.78e-03      7.34e-02    9.55e-02    9.3e-06
  45800      1.40e-01    3.60e-01      1.52e-03    1.87e-03      4.40e-02    1.13e-01    9.1e-06
  46000      6.04e-01    1.85e-01      3.13e-03    9.80e-04      1.92e-01    5.87e-02    8.9e-06
  46200      4.75e-01    4.37e-01      3.14e-03    2.97e-03      1.52e-01    1.40e-01    8.7e-06
  46400      4.08e-01    3.97e-01      4.15e-03    4.22e-03      1.32e-01    1.28e-01    8.6e-06
  46600      1.43e-01    3.79e-01      3.69e-03    2.43e-03      4.64e-02    1.24e-01    8.4e-06
  46800      1.55e-01    5.26e-01      3.13e-04    2.45e-03      5.12e-02    1.73e-01    8.2e-06
  47000      2.59e-01    1.78e-01      2.02e-03    1.58e-03      8.61e-02    5.90e-02    8.1e-06
  47200      3.16e-01    4.26e-01      7.46e-04    1.83e-03      1.06e-01    1.43e-01    7.9e-06
  47400      2.94e-01    3.53e-01      4.79e-03    4.58e-03      9.94e-02    1.19e-01    7.7e-06
  47600      4.24e-01    4.99e-01      3.06e-03    5.13e-03      1.45e-01    1.70e-01    7.6e-06
  47800      2.21e-01    3.70e-01      1.09e-03    3.55e-03      7.60e-02    1.28e-01    7.4e-06
  48000      1.74e-01    2.96e-01      1.85e-04    1.32e-03      6.06e-02    1.03e-01    7.3e-06
  48200      4.22e-01    3.98e-01      2.16e-03    1.52e-03      1.48e-01    1.40e-01    7.1e-06
  48400      5.52e-01    2.61e-01      3.26e-03    2.69e-03      1.96e-01    9.23e-02    7.0e-06
  48600      5.54e-01    3.40e-01      1.89e-03    2.26e-03      1.98e-01    1.21e-01    6.8e-06
  48800      6.56e-01    2.16e-01      3.88e-03    4.22e-03      2.37e-01    7.77e-02    6.7e-06
  49000      3.51e-01    3.80e-01      3.79e-04    1.26e-03      1.28e-01    1.38e-01    6.6e-06
  49200      5.84e-01    2.56e-01      3.53e-03    2.15e-03      2.14e-01    9.38e-02    6.4e-06
  49400      1.94e-01    4.27e-01      2.39e-03    1.91e-03      7.16e-02    1.58e-01    6.3e-06
  49600      2.82e-01    4.24e-01      1.55e-03    7.49e-04      1.05e-01    1.58e-01    6.2e-06
  49800      2.81e-01    3.24e-01      1.89e-03    1.21e-03      1.06e-01    1.22e-01    6.0e-06
  50000      1.59e-01    2.63e-01      6.71e-04    1.64e-03      6.03e-02    1.00e-01    5.9e-06
  50200      4.96e-01    5.14e-01      1.66e-03    4.28e-03      1.90e-01    1.97e-01    5.8e-06
  50400      3.60e-01    3.59e-01      2.36e-04    1.24e-03      1.39e-01    1.39e-01    5.7e-06
  50600      1.34e-01    2.45e-01      4.97e-03    4.15e-03      5.19e-02    9.55e-02    5.6e-06
  50800      6.04e-01    2.55e-01      5.65e-04    9.99e-04      2.38e-01    1.00e-01    5.5e-06
  51000      2.28e-01    3.69e-01      2.10e-03    3.52e-03      9.06e-02    1.47e-01    5.3e-06
  51200      4.48e-01    2.63e-01      1.85e-03    2.32e-03      1.80e-01    1.05e-01    5.2e-06
  51400      2.27e-01    2.84e-01      3.82e-04    1.51e-03      9.19e-02    1.15e-01    5.1e-06
  51600      1.55e-01    2.54e-01      1.13e-03    8.79e-04      6.32e-02    1.03e-01    5.0e-06
  51800      3.02e-01    2.97e-01      1.58e-03    1.03e-03      1.24e-01    1.22e-01    4.9e-06
  52000      3.79e-01    1.07e-01      1.32e-03    7.99e-04      1.57e-01    4.44e-02    4.8e-06
  52200      2.75e-01    1.99e-01      2.43e-03    1.05e-03      1.15e-01    8.33e-02    4.7e-06
  52400      1.82e-01    2.67e-01      1.77e-03    1.43e-03      7.66e-02    1.13e-01    4.6e-06
  52600      4.14e-01    4.12e-01      7.24e-03    6.19e-04      1.76e-01    1.75e-01    4.5e-06
  52800      1.23e-01    1.81e-01      1.48e-03    1.57e-03      5.25e-02    7.75e-02    4.4e-06
  53000      4.50e-01    2.35e-01      4.95e-03    1.81e-03      1.94e-01    1.02e-01    4.4e-06
  53200      3.48e-01    1.07e-01      1.73e-03    1.74e-03      1.51e-01    4.63e-02    4.3e-06
  53400      2.18e-01    1.55e-01      1.33e-03    1.48e-03      9.57e-02    6.81e-02    4.2e-06
  53600      2.94e-01    4.31e-01      3.82e-03    1.45e-03      1.30e-01    1.91e-01    4.1e-06
  53800      2.27e-01    3.73e-01      4.39e-03    2.85e-03      1.01e-01    1.66e-01    4.0e-06
  54000      9.51e-02    2.61e-01      3.01e-03    2.09e-03      4.25e-02    1.18e-01    3.9e-06
  54200      4.82e-01    1.89e-01      3.18e-03    1.19e-03      2.19e-01    8.57e-02    3.9e-06
  54400      3.32e-01    1.06e-01      1.21e-03    7.31e-04      1.52e-01    4.85e-02    3.8e-06
  54600      3.38e-01    1.37e-01      5.42e-04    8.60e-04      1.56e-01    6.32e-02    3.7e-06
  54800      2.78e-01    1.11e-01      3.74e-04    1.58e-04      1.29e-01    5.17e-02    3.6e-06
  55000      2.68e-01    2.11e-01      2.92e-03    2.17e-03      1.25e-01    9.89e-02    3.5e-06
  55200      3.16e-01    2.71e-01      7.86e-04    8.14e-04      1.49e-01    1.28e-01    3.5e-06
  55400      4.06e-01    3.05e-01      2.17e-03    3.27e-03      1.93e-01    1.45e-01    3.4e-06
  55600      1.36e-01    2.84e-01      1.95e-03    2.51e-03      6.54e-02    1.36e-01    3.3e-06
  55800      3.39e-01    2.27e-01      5.44e-03    1.97e-03      1.64e-01    1.10e-01    3.3e-06
  56000      2.62e-01    3.01e-01      2.51e-03    2.77e-03      1.28e-01    1.47e-01    3.2e-06
  56200      3.00e-01    2.98e-01      9.07e-04    2.18e-03      1.47e-01    1.47e-01    3.1e-06
  56400      2.49e-01    1.97e-01      1.35e-03    1.01e-03      1.23e-01    9.78e-02    3.1e-06
  56600      1.03e-01    2.49e-01      3.35e-03    1.55e-03      5.11e-02    1.24e-01    3.0e-06
  56800      1.36e-01    1.84e-01      2.32e-03    2.22e-03      6.83e-02    9.24e-02    2.9e-06
  57000      2.60e-01    9.18e-02      1.02e-03    6.04e-04      1.32e-01    4.65e-02    2.9e-06
  57200      2.03e-01    9.49e-02      8.68e-04    6.13e-04      1.04e-01    4.85e-02    2.8e-06
  57400      2.32e-01    2.12e-01      1.65e-03    2.08e-03      1.20e-01    1.09e-01    2.8e-06
  57600      2.82e-01    3.39e-01      3.41e-03    2.14e-03      1.46e-01    1.76e-01    2.7e-06
  57800      2.31e-01    8.01e-02      2.52e-03    1.14e-03      1.21e-01    4.18e-02    2.7e-06
  58000      2.28e-01    3.57e-01      2.50e-03    4.24e-04      1.20e-01    1.88e-01    2.6e-06
  58200      1.47e-01    2.01e-01      1.82e-03    1.58e-03      7.77e-02    1.06e-01    2.6e-06
  58400      1.99e-01    2.84e-01      1.65e-03    1.95e-03      1.06e-01    1.52e-01    2.5e-06
  58600      2.09e-01    1.42e-01      8.10e-04    8.29e-04      1.12e-01    7.67e-02    2.5e-06
  58800      2.52e-01    3.04e-01      2.61e-03    1.15e-03      1.37e-01    1.65e-01    2.4e-06
  59000      1.11e-01    1.90e-01      2.16e-03    1.61e-03      6.03e-02    1.03e-01    2.4e-06
  59200      3.18e-01    3.00e-01      1.69e-03    1.43e-03      1.75e-01    1.65e-01    2.3e-06
  59400      2.49e-01    1.80e-01      7.21e-04    8.98e-04      1.38e-01    9.97e-02    2.3e-06
  59600      2.11e-01    1.83e-01      2.41e-03    1.57e-03      1.18e-01    1.02e-01    2.2e-06
  59800      2.95e-01    1.17e-01      1.38e-03    2.07e-03      1.66e-01    6.55e-02    2.2e-06
  60000      3.84e-01    2.75e-01      6.78e-04    2.05e-03      2.17e-01    1.55e-01    2.1e-06
  60200      6.43e-02    8.66e-02      5.52e-04    3.47e-04      3.66e-02    4.93e-02    2.1e-06
  60400      2.56e-01    2.98e-01      2.09e-03    2.05e-03      1.47e-01    1.71e-01    2.0e-06
  60600      1.56e-01    1.04e-01      2.40e-03    3.11e-03      8.98e-02    5.98e-02    2.0e-06
  60800      2.82e-01    1.32e-01      1.80e-03    4.61e-04      1.64e-01    7.65e-02    2.0e-06
  61000      2.04e-01    1.96e-01      2.77e-03    3.06e-03      1.19e-01    1.15e-01    1.9e-06
  61200      2.50e-01    1.54e-01      9.05e-04    8.88e-04      1.47e-01    9.11e-02    1.9e-06
  61400      3.44e-01    2.13e-01      1.31e-03    2.66e-03      2.04e-01    1.26e-01    1.8e-06
  61600      2.46e-01    1.59e-01      1.84e-03    1.19e-03      1.47e-01    9.50e-02    1.8e-06
  61800      1.46e-01    1.68e-01      2.52e-03    1.87e-03      8.76e-02    1.01e-01    1.8e-06
  62000      1.78e-01    2.99e-01      1.89e-03    1.52e-03      1.08e-01    1.81e-01    1.7e-06
  62200      2.97e-01    2.07e-01      1.37e-03    2.12e-03      1.81e-01    1.26e-01    1.7e-06
  62400      2.38e-01    1.59e-01      1.95e-03    8.91e-04      1.46e-01    9.76e-02    1.7e-06
  62600      8.22e-02    2.07e-01      5.09e-04    1.62e-03      5.07e-02    1.28e-01    1.6e-06
  62800      1.92e-01    9.51e-02      1.15e-03    6.52e-04      1.19e-01    5.90e-02    1.6e-06
  63000      1.71e-01    1.68e-01      2.86e-03    2.77e-03      1.07e-01    1.05e-01    1.6e-06
  63200      2.77e-01    1.46e-01      1.18e-03    1.28e-03      1.74e-01    9.17e-02    1.5e-06
  63400      2.31e-01    1.69e-01      2.41e-03    1.39e-03      1.46e-01    1.07e-01    1.5e-06
  63600      2.35e-01    1.04e-01      2.11e-03    1.33e-03      1.49e-01    6.63e-02    1.5e-06
  63800      1.35e-01    3.05e-01      1.15e-03    1.30e-03      8.67e-02    1.95e-01    1.4e-06
  64000      1.04e-01    2.67e-01      2.36e-03    1.27e-03      6.67e-02    1.72e-01    1.4e-06
  64200      1.96e-01    2.61e-01      4.52e-03    1.26e-03      1.26e-01    1.69e-01    1.4e-06
  64400      2.80e-01    2.43e-01      2.80e-03    1.97e-03      1.83e-01    1.58e-01    1.4e-06
  64600      2.08e-01    1.39e-01      2.63e-03    8.03e-04      1.36e-01    9.11e-02    1.3e-06
  64800      2.62e-01    1.70e-01      1.79e-03    2.11e-03      1.73e-01    1.12e-01    1.3e-06
  65000      9.42e-02    2.82e-01      2.58e-03    4.07e-03      6.21e-02    1.87e-01    1.3e-06
  65200      2.26e-01    2.23e-01      5.44e-04    2.15e-03      1.51e-01    1.48e-01    1.2e-06
  65400      1.69e-01    2.06e-01      1.38e-03    2.31e-03      1.13e-01    1.38e-01    1.2e-06
  65600      1.76e-01    1.84e-01      1.57e-03    1.38e-03      1.19e-01    1.24e-01    1.2e-06
  65800      8.06e-02    1.09e-01      9.65e-04    1.36e-03      5.46e-02    7.41e-02    1.2e-06
  66000      2.38e-01    1.00e-01      1.06e-03    1.04e-03      1.62e-01    6.83e-02    1.1e-06
  66200      2.64e-01    1.45e-01      1.74e-03    1.61e-03      1.81e-01    9.94e-02    1.1e-06
  66400      1.31e-01    1.29e-01      1.17e-03    1.30e-03      9.05e-02    8.92e-02    1.1e-06
  66600      1.45e-01    1.84e-01      1.04e-03    6.46e-04      1.00e-01    1.28e-01    1.1e-06
  66800      1.59e-01    8.41e-02      8.00e-04    5.57e-04      1.11e-01    5.86e-02    1.1e-06
  67000      2.12e-01    1.16e-01      1.48e-03    1.61e-03      1.49e-01    8.12e-02    1.0e-06
  67200      2.99e-01    1.67e-01      1.41e-03    9.42e-04      2.11e-01    1.18e-01    1.0e-06
  67400      1.14e-01    1.19e-01      1.72e-04    8.09e-04      8.08e-02    8.43e-02    9.9e-07
  67600      2.00e-01    1.45e-01      4.99e-03    2.27e-03      1.41e-01    1.03e-01    9.7e-07
  67800      1.83e-01    1.07e-01      1.58e-03    1.44e-03      1.31e-01    7.65e-02    9.5e-07
  68000      1.73e-01    7.66e-02      9.70e-05    5.38e-04      1.24e-01    5.50e-02    9.4e-07
  68200      2.51e-01    9.49e-02      1.98e-04    6.69e-04      1.81e-01    6.85e-02    9.2e-07
  68400      1.02e-01    1.57e-01      1.74e-03    2.34e-03      7.40e-02    1.14e-01    9.0e-07
  68600      1.51e-01    1.99e-01      1.11e-03    1.84e-03      1.10e-01    1.45e-01    8.8e-07
  68800      8.30e-02    1.46e-01      7.59e-05    2.03e-03      6.09e-02    1.07e-01    8.6e-07
  69000      2.01e-01    9.05e-02      1.19e-03    6.99e-04      1.48e-01    6.67e-02    8.4e-07
  69200      1.76e-01    1.37e-01      3.43e-03    7.56e-04      1.30e-01    1.01e-01    8.3e-07
  69400      1.30e-01    2.63e-01      1.54e-03    1.14e-03      9.66e-02    1.96e-01    8.1e-07
  69600      1.23e-01    7.84e-02      7.98e-04    7.44e-04      9.15e-02    5.85e-02    7.9e-07
  69800      9.71e-02    1.80e-01      1.46e-03    1.95e-03      7.27e-02    1.35e-01    7.8e-07
  70000      2.71e-01    2.14e-01      2.58e-03    1.39e-03      2.04e-01    1.61e-01    7.6e-07
  70200      8.05e-02    1.55e-01      1.45e-03    1.71e-03      6.08e-02    1.17e-01    7.5e-07
  70400      8.98e-02    1.31e-01      1.36e-03    1.64e-03      6.81e-02    9.95e-02    7.3e-07
  70600      1.38e-01    9.52e-02      9.51e-04    3.29e-04      1.06e-01    7.27e-02    7.2e-07
  70800      1.23e-01    3.04e-01      3.63e-03    1.41e-03      9.40e-02    2.33e-01    7.0e-07
  71000      1.74e-01    1.27e-01      4.41e-04    1.35e-04      1.34e-01    9.80e-02    6.9e-07
  71200      2.36e-01    8.61e-02      1.33e-03    1.23e-03      1.82e-01    6.65e-02    6.7e-07
  71400      1.76e-01    1.93e-01      1.29e-03    1.47e-03      1.37e-01    1.50e-01    6.6e-07
  71600      7.49e-02    6.50e-02      5.72e-04    2.20e-04      5.84e-02    5.07e-02    6.5e-07
  71800      1.14e-01    2.37e-01      3.59e-04    2.70e-03      8.92e-02    1.85e-01    6.3e-07
  72000      1.99e-01    9.73e-02      1.19e-03    1.65e-03      1.56e-01    7.63e-02    6.2e-07
  72200      1.54e-01    1.25e-01      2.38e-03    1.17e-03      1.21e-01    9.84e-02    6.1e-07
  72400      1.92e-01    2.17e-01      2.77e-03    1.66e-03      1.52e-01    1.72e-01    6.0e-07
  72600      1.19e-01    1.27e-01      1.65e-03    7.24e-04      9.44e-02    1.01e-01    5.8e-07
  72800      8.08e-02    1.93e-01      8.41e-04    2.51e-03      6.44e-02    1.53e-01    5.7e-07
  73000      1.58e-01    1.86e-01      6.43e-04    2.74e-03      1.27e-01    1.49e-01    5.6e-07
  73200      1.28e-01    1.07e-01      2.36e-04    5.53e-04      1.03e-01    8.60e-02    5.5e-07
  73400      1.54e-01    1.61e-01      8.72e-04    3.79e-03      1.24e-01    1.29e-01    5.4e-07
  73600      1.50e-01    1.89e-01      1.57e-03    6.35e-04      1.22e-01    1.53e-01    5.3e-07
  73800      1.01e-01    1.85e-01      1.15e-03    1.13e-03      8.23e-02    1.51e-01    5.2e-07
  74000      2.24e-01    2.02e-01      2.78e-03    2.13e-03      1.83e-01    1.64e-01    5.1e-07
  74200      2.12e-01    1.39e-01      2.54e-03    5.78e-04      1.73e-01    1.14e-01    5.0e-07
  74400      1.13e-01    1.90e-01      3.70e-04    1.26e-03      9.31e-02    1.56e-01    4.8e-07
  74600      2.99e-01    1.93e-01      4.48e-04    1.36e-03      2.46e-01    1.59e-01    4.8e-07
  74800      7.62e-02    7.60e-02      1.33e-03    1.58e-03      6.28e-02    6.26e-02    4.7e-07
  75000      1.82e-01    8.08e-02      1.41e-03    9.30e-04      1.51e-01    6.69e-02    4.6e-07
  75200      1.16e-01    7.10e-02      4.98e-04    1.20e-03      9.65e-02    5.89e-02    4.5e-07
  75400      1.76e-01    1.69e-01      1.55e-03    3.24e-04      1.46e-01    1.41e-01    4.4e-07
  75600      1.39e-01    2.70e-01      1.11e-03    3.16e-03      1.16e-01    2.26e-01    4.3e-07
  75800      1.99e-01    1.76e-01      2.66e-03    1.76e-03      1.66e-01    1.48e-01    4.2e-07
  76000      1.82e-01    1.48e-01      1.90e-03    3.68e-03      1.53e-01    1.24e-01    4.1e-07
  76200      2.19e-01    2.14e-01      1.94e-03    3.41e-03      1.85e-01    1.80e-01    4.0e-07
  76400      5.18e-02    1.30e-01      7.61e-04    9.21e-04      4.38e-02    1.10e-01    4.0e-07
  76600      2.56e-01    9.73e-02      7.72e-04    9.84e-04      2.18e-01    8.26e-02    3.9e-07
  76800      1.46e-01    1.09e-01      1.19e-03    1.95e-03      1.24e-01    9.28e-02    3.8e-07
  77000      1.51e-01    9.28e-02      9.88e-04    5.48e-04      1.29e-01    7.92e-02    3.7e-07
  77200      6.57e-02    1.80e-01      1.01e-03    1.04e-03      5.61e-02    1.54e-01    3.6e-07
  77400      1.62e-01    1.55e-01      5.21e-04    1.87e-03      1.39e-01    1.33e-01    3.6e-07
  77600      7.44e-02    2.90e-01      6.99e-04    3.18e-03      6.40e-02    2.49e-01    3.5e-07
  77800      1.90e-01    1.53e-01      3.05e-03    4.82e-04      1.64e-01    1.32e-01    3.4e-07
  78000      3.47e-02    1.96e-01      3.21e-04    4.17e-03      3.00e-02    1.69e-01    3.4e-07
  78200      2.15e-01    9.86e-02      1.93e-03    8.01e-04      1.87e-01    8.55e-02    3.3e-07
  78400      1.85e-01    1.24e-01      1.76e-03    1.35e-03      1.61e-01    1.07e-01    3.2e-07
  78600      1.33e-01    1.98e-01      7.14e-04    1.72e-03      1.16e-01    1.72e-01    3.2e-07
  78800      1.80e-01    1.86e-01      2.30e-03    2.64e-03      1.57e-01    1.63e-01    3.1e-07
  79000      1.40e-01    1.39e-01      1.33e-03    8.03e-04      1.22e-01    1.22e-01    3.0e-07
  79200      1.06e-01    6.95e-02      9.30e-04    7.30e-04      9.34e-02    6.10e-02    3.0e-07
  79400      1.86e-01    9.20e-02      9.10e-04    7.32e-04      1.64e-01    8.10e-02    2.9e-07
  79600      8.81e-02    9.59e-02      6.28e-04    4.04e-04      7.77e-02    8.46e-02    2.8e-07
  79800      1.00e-01    1.35e-01      6.06e-04    1.15e-03      8.87e-02    1.19e-01    2.8e-07
  80000      7.94e-02    1.30e-01      4.32e-04    1.92e-03      7.04e-02    1.15e-01    2.7e-07
  80200      1.01e-01    1.13e-01      2.28e-03    2.09e-03      8.91e-02    9.97e-02    2.7e-07
  80400      9.87e-02    2.17e-01      9.36e-04    7.40e-04      8.78e-02    1.94e-01    2.6e-07
  80600      1.03e-01    5.94e-02      6.51e-04    1.16e-03      9.19e-02    5.28e-02    2.6e-07
  80800      1.06e-01    1.52e-01      1.49e-03    3.71e-04      9.48e-02    1.36e-01    2.5e-07
  81000      1.50e-01    1.15e-01      5.88e-04    1.83e-03      1.34e-01    1.03e-01    2.5e-07
  81200      1.75e-01    1.84e-01      2.10e-03    2.77e-03      1.56e-01    1.65e-01    2.4e-07
  81400      2.24e-01    1.52e-01      1.39e-03    3.08e-03      2.02e-01    1.37e-01    2.4e-07
  81600      1.65e-01    5.82e-02      6.97e-04    6.05e-04      1.49e-01    5.24e-02    2.3e-07
  81800      1.32e-01    1.72e-01      8.28e-04    2.96e-03      1.19e-01    1.55e-01    2.3e-07
  82000      1.25e-01    1.26e-01      9.58e-05    1.50e-03      1.13e-01    1.14e-01    2.2e-07
  82200      1.24e-01    1.00e-01      7.28e-04    1.94e-04      1.12e-01    9.09e-02    2.2e-07
  82400      1.06e-01    5.50e-02      1.12e-03    4.51e-04      9.61e-02    4.99e-02    2.1e-07
  82600      1.44e-01    8.98e-02      1.46e-03    1.20e-03      1.31e-01    8.15e-02    2.1e-07
  82800      1.85e-01    7.41e-02      1.21e-03    6.62e-05      1.68e-01    6.75e-02    2.0e-07
  83000      1.77e-01    6.55e-02      2.13e-03    6.31e-04      1.61e-01    5.98e-02    2.0e-07
  83200      9.24e-02    1.24e-01      1.19e-03    4.51e-04      8.43e-02    1.14e-01    2.0e-07
  83400      2.34e-01    3.16e-02      3.29e-03    5.95e-04      2.14e-01    2.88e-02    1.9e-07
  83600      5.96e-02    2.08e-01      7.03e-04    3.32e-03      5.46e-02    1.90e-01    1.9e-07
  83800      1.72e-01    1.38e-01      1.01e-03    2.27e-03      1.58e-01    1.27e-01    1.8e-07
  84000      1.67e-01    1.11e-01      2.57e-03    9.06e-04      1.53e-01    1.02e-01    1.8e-07
  84200      1.51e-01    1.05e-01      7.69e-04    1.46e-03      1.39e-01    9.68e-02    1.8e-07
  84400      6.42e-02    1.44e-01      1.14e-03    1.67e-03      5.91e-02    1.33e-01    1.7e-07
  84600      6.09e-02    1.79e-01      3.82e-04    1.04e-03      5.63e-02    1.66e-01    1.7e-07
  84800      1.32e-01    1.15e-01      1.69e-03    2.61e-03      1.22e-01    1.06e-01    1.7e-07
  85000      1.08e-01    2.07e-01      1.23e-03    1.73e-03      1.00e-01    1.92e-01    1.6e-07
  85200      2.23e-01    1.14e-01      5.13e-04    7.02e-04      2.07e-01    1.06e-01    1.6e-07
  85400      2.45e-01    1.38e-01      7.71e-04    2.20e-03      2.28e-01    1.28e-01    1.6e-07
  85600      1.13e-01    1.45e-01      7.22e-04    1.85e-03      1.05e-01    1.35e-01    1.5e-07
  85800      1.89e-01    6.80e-02      1.86e-03    7.01e-04      1.76e-01    6.34e-02    1.5e-07
  86000      1.34e-01    1.94e-01      1.07e-03    5.53e-04      1.25e-01    1.82e-01    1.5e-07
  86200      1.52e-01    2.05e-01      4.54e-04    2.80e-03      1.42e-01    1.91e-01    1.4e-07
  86400      2.35e-01    1.04e-01      3.39e-03    1.28e-03      2.20e-01    9.73e-02    1.4e-07
  86600      5.72e-02    6.53e-02      5.98e-04    5.57e-04      5.36e-02    6.12e-02    1.4e-07
  86800      1.59e-01    1.46e-01      1.19e-03    1.33e-03      1.49e-01    1.37e-01    1.4e-07
  87000      1.14e-01    6.57e-02      3.73e-04    2.85e-04      1.07e-01    6.17e-02    1.3e-07
  87200      1.03e-01    1.47e-01      8.93e-04    1.22e-03      9.69e-02    1.38e-01    1.3e-07
  87400      1.24e-01    4.40e-02      8.52e-04    3.14e-04      1.17e-01    4.15e-02    1.3e-07
