# ../30.data/validation_data: data_e pred_e
-1.568791520138358351e+02 -1.568786399894010515e+02
-1.570060251022077580e+02 -1.570055654338673605e+02
-1.569984569354080861e+02 -1.569986146613048845e+02
-1.570552096828473907e+02 -1.570551005400735960e+02
-1.569730483035008888e+02 -1.569722541232840172e+02
-1.570067734153295191e+02 -1.570072975302429938e+02
-1.569427076078366099e+02 -1.569424711736416782e+02
-1.570643765185889720e+02 -1.570643694272975495e+02
-1.569816709115175968e+02 -1.569803877018562730e+02
-1.570434747725287821e+02 -1.570439145643948677e+02
-1.570655500096208641e+02 -1.570656127620484313e+02
-1.569253943633376025e+02 -1.569283980662448243e+02
-1.570633901058375557e+02 -1.570629991017668488e+02
-1.570576076862602974e+02 -1.570574090195215149e+02
-1.569412449958259117e+02 -1.569407109004051790e+02
-1.569731163319665086e+02 -1.569720318725296693e+02
-1.570389338724490074e+02 -1.570392870098386879e+02
-1.569242378794221509e+02 -1.569233546933462549e+02
-1.570463489752010275e+02 -1.570460950458334537e+02
-1.568972475856893993e+02 -1.568981568452699662e+02
-1.569024687704253722e+02 -1.569052834782289949e+02
-1.569486260843451362e+02 -1.569474633179764567e+02
-1.569382177291060145e+02 -1.569389771268419054e+02
-1.570403114488776737e+02 -1.570397692351648402e+02
-1.570049366467578977e+02 -1.570043081705380530e+02
-1.570325732109139949e+02 -1.570322216122242480e+02
-1.570347501218136586e+02 -1.570346125917318432e+02
-1.569015844003723714e+02 -1.568988593176036375e+02
-1.570399883136660435e+02 -1.570393968132365501e+02
-1.569328774945552425e+02 -1.569328825196212733e+02
-1.569506669383135602e+02 -1.569502713723462648e+02
-1.570451074557035440e+02 -1.570452779621678019e+02
-1.569928445869948632e+02 -1.569930042618501602e+02
-1.570291207662840236e+02 -1.570288797496625364e+02
-1.567934361471609748e+02 -1.567937637730207712e+02
-1.569169078122521341e+02 -1.569160819699933995e+02
-1.568890841698156180e+02 -1.568901182283105697e+02
-1.570174368773146512e+02 -1.570170568505216977e+02
-1.569849532849835043e+02 -1.569854998645537876e+02
-1.569432858497943641e+02 -1.569421320451636461e+02
-1.569480648495037940e+02 -1.569463539398518037e+02
-1.569338128859574510e+02 -1.569314091250741399e+02
-1.569314318896609279e+02 -1.569316854621964410e+02
-1.569271971176763998e+02 -1.569287583166088780e+02
-1.569174520399770643e+02 -1.569165900534764830e+02
-1.569945452986352166e+02 -1.569943572589053531e+02
-1.569331155941848976e+02 -1.569349116292404460e+02
-1.570025726575777867e+02 -1.570016040701838165e+02
-1.570097326535837681e+02 -1.570099542057184294e+02
-1.568922645005831100e+02 -1.568946916899985240e+02
-1.568856997536512665e+02 -1.568836488084285747e+02
-1.570126578776052213e+02 -1.570129387465193531e+02
-1.569249521783110879e+02 -1.569248990367925671e+02
-1.569316699892905831e+02 -1.569322960355561918e+02
-1.569029279625682705e+02 -1.568996854993485783e+02
-1.569041014536001057e+02 -1.569054656143920852e+02
-1.569152241077281644e+02 -1.569143953095144752e+02
-1.568901045967998300e+02 -1.568914193967049187e+02
-1.570099537460970112e+02 -1.570094733602964538e+02
-1.568930468279376953e+02 -1.568890885297981868e+02
-1.569464661805618562e+02 -1.569449138006913245e+02
-1.569883206940314437e+02 -1.569859014970760427e+02
-1.570579818428211638e+02 -1.570577138326475222e+02
-1.570379474596975626e+02 -1.570373258313131259e+02
-1.569416191523867781e+02 -1.569406091558758476e+02
-1.569546636106684332e+02 -1.569533079043699786e+02
-1.570431856515499476e+02 -1.570429600746459471e+02
-1.570232873253575576e+02 -1.570238086580028494e+02
-1.570405325413909452e+02 -1.570399952280329217e+02
-1.569377755440795283e+02 -1.569349857057795816e+02
-1.569267889468827093e+02 -1.569261085429099296e+02
-1.570594954761810982e+02 -1.570591584020924643e+02
-1.570211444286906612e+02 -1.570204158805850057e+02
-1.569952766046405941e+02 -1.569946334889784225e+02
-1.568728933949992381e+02 -1.568683719173229463e+02
-1.569139995953470930e+02 -1.569127437408650962e+02
-1.570617234084299980e+02 -1.570613547213679340e+02
-1.568889821271172025e+02 -1.568889753815578274e+02
-1.569478267498741388e+02 -1.569467975194788778e+02
-1.569960929462279466e+02 -1.569955813310592134e+02
-1.568096099148609142e+02 -1.568097895780871909e+02
-1.568722471245759209e+02 -1.568730440157468706e+02
-1.569765687765964799e+02 -1.569769114064353062e+02
-1.569915690532645840e+02 -1.569914467069453963e+02
-1.570374032319726609e+02 -1.570367611964305183e+02
-1.569978106649847405e+02 -1.569976657199962347e+02
-1.570215185852515560e+02 -1.570206541957463173e+02
-1.569900043985554134e+02 -1.569894826410475162e+02
-1.568625190539929690e+02 -1.568646289558444096e+02
-1.569760415559879618e+02 -1.569765759940038379e+02
-1.570342909296707887e+02 -1.570340044291457957e+02
-1.568840160491272968e+02 -1.568828143136319397e+02
-1.569197650078079675e+02 -1.569180555531305288e+02
-1.569073838270660417e+02 -1.569080852929621415e+02
-1.568999687243140215e+02 -1.569035245099671556e+02
-1.570406515912057728e+02 -1.570403532150102421e+02
-1.569385918856669093e+02 -1.569387404190970301e+02
-1.570583219851492629e+02 -1.570581766213587684e+02
-1.570314847554641347e+02 -1.570311847510909899e+02
-1.569036082472244118e+02 -1.569056275294264822e+02
