# ../30.data/validation_data: data_e pred_e
-2.510066432221373361e+03 -2.510058239830416824e+03
-2.512096401635324128e+03 -2.512089046941877768e+03
-2.511975310966529378e+03 -2.511977834580878152e+03
-2.512883354925558251e+03 -2.512881608641177536e+03
-2.511568772856014220e+03 -2.511556065972544275e+03
-2.512108374645272306e+03 -2.512116760483887902e+03
-2.511083321725385758e+03 -2.511079538778266851e+03
-2.513030024297423552e+03 -2.513029910836760791e+03
-2.511706734584281548e+03 -2.511686203229700368e+03
-2.512695596360460513e+03 -2.512702633030317884e+03
-2.513048800153933826e+03 -2.513049804192774900e+03
-2.510806309813401640e+03 -2.510854369059917190e+03
-2.513014241693400891e+03 -2.513007985628269580e+03
-2.512921722980164759e+03 -2.512918544312344238e+03
-2.511059919933214587e+03 -2.511051374406482864e+03
-2.511569861311464138e+03 -2.511552509960474708e+03
-2.512622941959184118e+03 -2.512628592157419007e+03
-2.510787806070754414e+03 -2.510773675093540078e+03
-2.512741583603216441e+03 -2.512737520733335259e+03
-2.510355961371030389e+03 -2.510370509524319459e+03
-2.510439500326805955e+03 -2.510484535651663919e+03
-2.511178017349522179e+03 -2.511159413087623307e+03
-2.511011483665696232e+03 -2.511023634029470486e+03
-2.512644983182042779e+03 -2.512636307762637443e+03
-2.512078986348126364e+03 -2.512068930728608848e+03
-2.512521171374623918e+03 -2.512515545795587968e+03
-2.512556001949018537e+03 -2.512553801467709491e+03
-2.510425350405957943e+03 -2.510381749081658199e+03
-2.512639813018656696e+03 -2.512630349011784801e+03
-2.510926039912883880e+03 -2.510926120313940373e+03
-2.511210671013016963e+03 -2.511204341957540237e+03
-2.512721719291256704e+03 -2.512724447394684830e+03
-2.511885513391917812e+03 -2.511888068189602564e+03
-2.512465932260544378e+03 -2.512462075994600582e+03
-2.508694978354575596e+03 -2.508700220368332339e+03
-2.510670524996034146e+03 -2.510657311519894392e+03
-2.510225346717049888e+03 -2.510241891652969116e+03
-2.512278990037034418e+03 -2.512272909608347163e+03
-2.511759252559736069e+03 -2.511767997832860601e+03
-2.511092573596709826e+03 -2.511074112722618338e+03
-2.511169037592060704e+03 -2.511141663037628859e+03
-2.510941006175319217e+03 -2.510902546001186238e+03
-2.510902910234574847e+03 -2.510906967395143056e+03
-2.510835153882822397e+03 -2.510860133065742048e+03
-2.510679232639633028e+03 -2.510665440855623729e+03
-2.511912724778163465e+03 -2.511909716142485649e+03
-2.510929849506958362e+03 -2.510958586067847136e+03
-2.512041162521244587e+03 -2.512025665122941064e+03
-2.512155722457340289e+03 -2.512159267291494871e+03
-2.510276232009329760e+03 -2.510315067039976384e+03
-2.510171196058420264e+03 -2.510138380934857196e+03
-2.512202526041683541e+03 -2.512207019944309650e+03
-2.510799234852977406e+03 -2.510798384588681074e+03
-2.510906719828649329e+03 -2.510916736568899069e+03
-2.510446847401092327e+03 -2.510394967989577253e+03
-2.510465623257601692e+03 -2.510487449830273363e+03
-2.510643585723650631e+03 -2.510630324952231604e+03
-2.510241673548797280e+03 -2.510262710347278698e+03
-2.512159259937552179e+03 -2.512151573764743262e+03
-2.510288749247003125e+03 -2.510225416476770988e+03
-2.511143458888989699e+03 -2.511118620811061191e+03
-2.511813131104503100e+03 -2.511774423953216683e+03
-2.512927709485138621e+03 -2.512923421322360355e+03
-2.512607159355161002e+03 -2.512597213301010015e+03
-2.511065906438188449e+03 -2.511049746494013561e+03
-2.511274617770694931e+03 -2.511252926469919657e+03
-2.512690970424799161e+03 -2.512687361194335153e+03
-2.512372597205720922e+03 -2.512380938528045590e+03
-2.512648520662255123e+03 -2.512639923648526747e+03
-2.511004408705272454e+03 -2.510959771292473306e+03
-2.510828623150123349e+03 -2.510817736686558874e+03
-2.512951927618897571e+03 -2.512946534433479428e+03
-2.512338310859050580e+03 -2.512326654089360090e+03
-2.511924425674249505e+03 -2.511914135823654760e+03
-2.509966294319987810e+03 -2.509893950677167140e+03
-2.510623993525553487e+03 -2.510603899853841540e+03
-2.512987574534879968e+03 -2.512981675541886943e+03
-2.510223714033875240e+03 -2.510223606104925238e+03
-2.511165227997986221e+03 -2.511148760311662045e+03
-2.511937487139647146e+03 -2.511929301296947415e+03
-2.508953758637774627e+03 -2.508956633249395054e+03
-2.509955953993214735e+03 -2.509968704251949930e+03
-2.511625100425543678e+03 -2.511630582502964899e+03
-2.511865104852233344e+03 -2.511863147311126340e+03
-2.512598451711562575e+03 -2.512588179142888293e+03
-2.511964970639755848e+03 -2.511962651519939755e+03
-2.512344297364024897e+03 -2.512330467131941077e+03
-2.511840070376886615e+03 -2.511831722256760258e+03
-2.509800304863887504e+03 -2.509834063293510553e+03
-2.511616664895807389e+03 -2.511625215904061406e+03
-2.512548654874732620e+03 -2.512544070866332731e+03
-2.510144256786036749e+03 -2.510125029018111036e+03
-2.510716240124927481e+03 -2.510688888850088460e+03
-2.510518141233056667e+03 -2.510529364687394263e+03
-2.510399499589024344e+03 -2.510456392159474490e+03
-2.512650425459292364e+03 -2.512645651440163874e+03
-2.511017470170670549e+03 -2.511019846705552482e+03
-2.512933151762388206e+03 -2.512930825941740295e+03
-2.512503756087426154e+03 -2.512498956017455839e+03
-2.510457731955590589e+03 -2.510490040470823715e+03
