# ../20.data/validation_data: data_fx data_fy data_fz pred_fx pred_fy pred_fz
-6.875130421584780827e-01 -5.646143008900590399e-01 8.695471610246719996e-01 -7.309151521425321096e-01 -5.477742784040324775e-01 8.040600514917876085e-01
6.335198713083357580e-01 7.965278252082891308e-01 -7.672172467467832657e-01 6.218396580293115150e-01 8.158997803306051733e-01 -7.596364553160721567e-01
1.270125066665251101e-01 -2.401410551144421979e-01 -6.273492232111765876e-02 1.090754941132208722e-01 -2.681255019265724737e-01 -4.442359617571510488e-02
-2.334561863425198280e-01 -7.538475092029385261e-01 -9.487371449382139277e-01 -2.544398270807837203e-01 -7.527544503448400093e-01 -9.531214636954496999e-01
-3.136746116055883493e-01 -1.948896357352753739e-01 3.342434385961187138e-01 -3.206043669151594777e-01 -2.127924999705745335e-01 3.237927074408626371e-01
5.522730046957406991e-01 9.615926618072954124e-01 6.324914299588092481e-01 5.750441939959433091e-01 9.655469503154144872e-01 6.293287562545870628e-01
1.967922522318994227e+00 -3.409283073680410836e-01 4.036632296891587424e-01 1.925876521908929107e+00 -2.646868322367051940e-01 3.751602582745098280e-01
-3.352718799456452237e-01 -3.594402516595184283e-01 1.594084091766104494e-01 -3.314772017204071219e-01 -3.776715543381020668e-01 1.721432670281339283e-01
-1.623908890902373559e+00 6.849419387846618079e-01 -5.826120245067730741e-01 -1.594399320188521818e+00 6.423583865748070387e-01 -5.473035253026438118e-01
9.857610335211686170e-01 8.489783340341415796e-01 -2.967053293384007695e-01 9.803236961621684120e-01 8.543794061711343923e-01 -3.666709061772332467e-01
-7.430488750329100611e-01 -5.378748258023695605e-01 6.762001873136863628e-01 -7.490999042985649892e-01 -5.397128124960813844e-01 7.064340646672967461e-01
-2.118589180024629537e-01 -2.977337706879272794e-01 -3.553264862614123887e-01 -2.312237918636033396e-01 -3.146665936750529524e-01 -3.397631584900633883e-01
1.645506159242430752e-02 -7.970420458830522747e-01 2.535107926582869653e-01 -1.928772289981345658e-02 -8.200171265182177871e-01 3.075022514196810719e-01
2.164869040753322760e-01 5.131922334137329900e-01 -4.257747187039788717e-01 2.271594553060931887e-01 5.205424915453418233e-01 -4.423664585435006513e-01
-1.984891804586182140e-01 2.843640331440825397e-01 1.295836100403414126e-01 -2.078717324062797911e-01 2.994746349728762969e-01 1.348642071238198292e-01
2.781933850469234248e-01 6.520318155998131582e-01 1.182193331280733783e+00 2.238867507363416776e-01 6.126373836393905759e-01 1.129038815989517941e+00
4.360591321992440816e-01 3.018475360860333745e-01 -4.514857524421418966e-01 4.596671130106558811e-01 3.192397535108671414e-01 -4.551713274392037434e-01
-6.772286286632128727e-01 -9.219976698505244483e-01 -6.936836902556371420e-01 -6.835538637469978918e-01 -9.318771371502577727e-01 -6.738674885503137535e-01
6.849419387846618079e-01 5.116495713894433361e-01 -5.142206747632596109e-01 6.198396029401207485e-01 5.373841494542458408e-01 -5.517944604341141757e-01
-6.150079270168584689e-01 -4.154903052087137727e-01 5.425028118752388551e-01 -6.239627216478796923e-01 -4.426964434230574175e-01 5.534593050600904451e-01
-5.656427422395855602e-03 -8.484641133593782969e-02 2.571103373816298159e-03 4.123118707758820570e-03 -9.468770603118847884e-02 -1.664844625976354261e-03
9.122274770300223823e-01 3.352718799456452237e-01 -9.986165503902501017e-01 9.321272636652558896e-01 3.777124753081888553e-01 -9.425267980839265869e-01
-9.333105246953160572e-01 -5.733560523610343740e-01 8.916586500394921844e-01 -9.272932502744841710e-01 -5.996009351716575786e-01 8.920265231378394777e-01
-1.851194429147734466e-02 2.221433314977281359e-01 5.296472950061573842e-02 -4.834013390771840953e-03 2.218884598634685290e-01 5.050027494608699125e-02
8.083549007278441056e-01 7.111671931975880323e-01 -6.474038295269438636e-01 7.943442855990678897e-01 7.107324459145507589e-01 -7.210911272105386960e-01
-8.201819762473989694e-01 -8.016700319559216803e-01 7.456199784067264469e-01 -8.303850968049498737e-01 -8.024297859602336214e-01 7.585229145984908605e-01
5.090784680156269781e-02 1.079863417002844966e-01 -4.782252275298314037e-02 3.604081120588203263e-02 9.169734004568283470e-02 -3.743178738795241434e-02
8.304663897426642905e-01 6.042092928468300039e-01 -8.469214513350884488e-01 8.550131219288815698e-01 6.604887966126139487e-01 -7.999968896660570872e-01
-8.541205407817741291e-01 -5.137064540884963559e-01 8.145255488250031650e-01 -8.552658555172860666e-01 -5.421688304171328188e-01 8.227585323593439304e-01
-1.285551686908148993e-02 -1.079863417002844966e-01 -1.902616496624060308e-02 2.527335884047139983e-04 -1.183199661954811022e-01 -2.276164269328692993e-02
8.695471610246719996e-01 8.731467057480146732e-01 -4.448008836702195268e-01 9.512641286847499655e-01 9.313039500825820438e-01 -4.371262216075084139e-01
-5.980386447496708335e-01 -3.039044187850863943e-01 7.368782269357510017e-01 -6.214321613648142728e-01 -3.401073705782391432e-01 7.371397480042353179e-01
-3.429851900670941034e-01 -5.671854042638753146e-01 -2.715085162750010550e-01 -3.298319673199359148e-01 -5.911965795043427896e-01 -3.000135263967269594e-01
-8.289237277183744146e-01 -6.114083822935155732e-01 8.551489821313006390e-01 -7.927825158557721963e-01 -6.700247133417336354e-01 8.615740627224948156e-01
9.410238348167649924e-01 7.692741294458362855e-01 -8.474356720098518148e-01 9.338517628476777910e-01 7.621435542027286125e-01 -8.594086844390312896e-01
-1.388395821860800849e-01 -1.013014729283621268e-01 1.234129619431822977e-02 -1.410692469919056502e-01 -9.211884086099486613e-02 -2.165378283463268404e-03
6.782570700127393826e-01 6.551171396483926879e-01 -5.723276110115078641e-01 6.752037973397517767e-01 6.702299014433081847e-01 -6.495941549670500859e-01
-6.869988214837148277e-01 -7.322502408628815962e-01 6.618020084203150022e-01 -7.006814092153925699e-01 -7.395817338359560456e-01 6.794619464403176545e-01
4.062343330629750865e-02 8.536063201070108464e-02 -3.650966790819142743e-02 2.547761187564068566e-02 6.935183239264769428e-02 -2.986779147326764153e-02
7.461341990814897018e-01 4.746256828064885913e-01 -2.195722281239118612e-01 7.848313134666269342e-01 5.259255082305208662e-01 -1.921180393925727981e-01
-5.959817620506178137e-01 -5.954675413758545588e-01 2.427121584882585281e-01 -6.168333353323955937e-01 -6.102917699251045880e-01 2.525663934737683580e-01
-1.506666577056350598e-01 8.484641133593782969e-02 -6.479180502017070631e-02 -1.679979781342312573e-01 8.436626169458366631e-02 -6.044835408119562936e-02
-1.300978307151046676e-01 5.049647026175209108e-01 5.347895017537899198e-01 -1.902123095136083741e-01 5.435315511865645988e-01 5.841090451655104321e-01
3.748668719024161877e-01 3.095608462074822542e-01 -3.265301284746698340e-01 3.895896858118307882e-01 2.965529168666050097e-01 -3.450759436705791439e-01
-2.123731386772262086e-01 -8.212104175969255904e-01 -2.355130690415728756e-01 -1.993773762982223308e-01 -8.400844680531697195e-01 -2.390331014949311494e-01
-9.471944829139240518e-01 -4.370875735487706470e-01 8.829168985685167392e-01 -9.094952691377660159e-01 -3.963406744226070644e-01 8.917308639703319662e-01
9.399953934672385936e-01 7.193947239938002225e-01 -8.829168985685167392e-01 9.416474387930157119e-01 7.098725616187193665e-01 -8.787721041001993472e-01
-3.548122655866491060e-02 -3.013333154112701195e-01 -1.799772361671408624e-02 -3.215216965524939075e-02 -3.135318871961122467e-01 -1.295875987013305267e-02
4.545710764907214818e-01 8.659476163013291039e-01 -1.516950990551615697e-01 4.487376635037369499e-01 7.958139590065874680e-01 -1.345205533721870461e-01
-4.807963309036477062e-01 -6.294061059102297184e-01 1.049010176517049531e-01 -5.265840705976476688e-01 -6.165914775174751172e-01 1.022311590130355885e-01
5.553583287443203398e-02 -2.159726834005689933e-01 3.342434385961186999e-02 7.784640709391089930e-02 -1.792224814891124063e-01 3.228939435915145068e-02
-1.015071611982674371e+00 -8.278952863688479047e-01 1.054666603939445446e+00 -1.032011284226881154e+00 -8.213437146431723512e-01 9.470422220056227136e-01
1.042839528419890360e+00 9.456518208896343980e-01 -9.734197373268502762e-01 1.010313821415723901e+00 9.475284876621578034e-01 -9.420624870736739043e-01
4.679408140345662354e-02 -9.667348685549279064e-02 -2.262570968958342241e-02 2.169746281115730521e-02 -1.261847730189855354e-01 -4.979734931948725206e-03
8.911444293647289294e-01 3.928645955191303329e-01 -9.127416977047856372e-01 8.674673403883718104e-01 4.363063868232887055e-01 -8.939490902693649765e-01
-9.065710496076265779e-01 -5.589578734676631244e-01 8.772604711461207128e-01 -9.102380559429025242e-01 -5.756282738728157877e-01 8.828600263571351192e-01
3.188168183532209127e-02 1.480955543318187573e-01 1.028441349526519220e-03 4.277071555453060281e-02 1.393218870495273598e-01 1.108906391222983824e-02
-9.302252006467365275e-01 -6.746575252893964869e-01 3.800090786500487927e-01 -9.287230483259542035e-01 -6.620642107361250916e-01 2.994996215505505432e-01
6.458611675026539878e-01 7.301933581638285764e-01 -4.026347883396322325e-01 6.723611298543819004e-01 7.190552067451243534e-01 -3.859416399510263163e-01
2.709942956002378001e-01 -2.211148901482016052e-02 6.273492232111765876e-02 2.563619184715723032e-01 -5.699099600899945606e-02 8.644201840047589791e-02
-7.677314674215465207e-01 -2.242002141967811835e-01 9.384527314429486067e-01 -8.174110851525733246e-01 -1.732545297028854625e-01 9.868338465709931562e-01
9.585073377587158827e-01 6.674584358427109176e-01 -8.978292981366512437e-01 9.619070144640362585e-01 6.465981100918708480e-01 -9.056300941748868238e-01
-1.594084091766104494e-01 -4.561137385150111911e-01 -7.764732188925219103e-02 -1.444959293114628229e-01 -4.733435803889854410e-01 -8.120375239610605478e-02
7.286506961395388116e-01 5.563867700938468497e-01 -6.417474021045479482e-01 7.340766865015697640e-01 5.785991631692118942e-01 -6.993806735280305720e-01
-6.983116763285065476e-01 -7.091103104985349015e-01 6.828850560856086771e-01 -7.070880770315871588e-01 -7.252905681718280206e-01 6.959960601114384415e-01
-2.056882699053038527e-02 1.563230851280309197e-01 4.113765398106076880e-03 -2.698860946998245941e-02 1.466914050026159044e-01 3.384613416592094012e-03
-2.005460631576712338e-02 4.807963309036477062e-01 -8.998861808357042080e-02 -7.553141731230023082e-02 5.134853410194419876e-01 -7.196391406572348604e-02
-1.059294590012314768e-01 -9.358816280691324707e-02 1.455244509580024548e-01 -1.088869559677606014e-01 -1.053713869013434834e-01 1.480375516059094509e-01
1.774061327933245391e-01 -3.964641402424731176e-01 -7.301933581638285486e-02 1.844183732800608322e-01 -4.081139541180985875e-01 -7.607363754018575674e-02
1.794630154923775867e-01 2.303708622939402706e-01 -6.993401176780331130e-02 1.495050044092569030e-01 2.277119666197633951e-01 -1.517723513110276479e-01
-1.738065880699817545e-01 -2.226575521724913631e-01 1.660932779485328192e-01 -1.832069687825242099e-01 -2.192008955757329958e-01 1.790514136957999936e-01
5.245050882585247654e-02 7.199089446685633456e-03 -3.753810925771794427e-02 3.370196437326727912e-02 -8.511071044030385502e-03 -2.727906238477241160e-02
-1.755549383641767935e+00 -2.000318424829079511e-01 -6.813423940613189123e-01 -1.733488868201884747e+00 -1.991252266242892199e-01 -6.441287094712926375e-01
4.237178360049259074e-01 3.136746116055883493e-01 -2.026029458567242536e-01 4.091960310714712334e-01 3.430481761085496517e-01 -2.421184156969664047e-01
1.327717782238736266e+00 -1.666074986232961019e-01 9.111990356804959834e-01 1.324292837130413680e+00 -1.439229494842603208e-01 8.862471251682593198e-01
4.437724423206930169e-01 -2.720227369497643100e-01 -4.843958756269904908e-01 5.226778134607927839e-01 -2.842061110280613700e-01 -5.762912046591959214e-01
-1.182707551955496962e-02 -3.851512853976813977e-01 2.797360470712132452e-01 -1.134638566609522808e-02 -3.840114920997096393e-01 2.951567283175159373e-01
-4.998224958698882503e-01 6.576882430222089626e-01 2.663663095273684500e-01 -5.113314277946976460e-01 6.682176031277711203e-01 2.811344763416800951e-01
7.445915370571998260e-01 3.532696035623593134e-01 -1.077806534303791919e+00 7.953281917079965124e-01 3.828679877041566981e-01 -1.053324801465638227e+00
-8.530920994322476192e-01 -4.972513924960719756e-01 9.631353238315851772e-01 -8.638002676775385913e-01 -5.240041687545010651e-01 9.489903897592028015e-01
4.936518477727291909e-02 1.496382163561085221e-01 1.244414032927088076e-01 6.847207596954206499e-02 1.411361810503444225e-01 1.043344117064354537e-01
-6.756859666389231078e-01 -7.954993838587625099e-01 5.121637920642064801e-01 -6.624997352295514119e-01 -7.810871464546024212e-01 5.542404162973135762e-01
6.947121316051636519e-01 5.203913228604186703e-01 -6.612877877455517472e-01 7.086924983718118076e-01 5.102550751282446395e-01 -6.724431160696783261e-01
-5.502161219966877209e-02 2.576245580563930049e-01 1.100432243993375442e-01 -4.619276314226035407e-02 2.708320713263581703e-01 1.182026997723647638e-01
-9.693059719287442366e-01 -8.500067753836680895e-01 9.749623993511401521e-01 -1.030497157740703607e+00 -8.237371458100549715e-01 9.170126484149657697e-01
1.087576727124293985e+00 9.955312263416704610e-01 -9.770192820501931719e-01 1.079056961648542146e+00 9.707476674724412335e-01 -9.650715106139128308e-01
-5.347895017537899337e-02 -1.398680235356066226e-01 4.936518477727291909e-02 -4.855980390783852518e-02 -1.470105216623861510e-01 4.805886219894710265e-02
5.342752810790266649e-01 8.690329403499086336e-01 -1.043867969769416981e-01 4.997406439019317359e-01 9.176739685552035564e-01 -1.009948819464668579e-01
-3.265301284746698340e-01 -1.429533475841861523e-01 3.455562934409104336e-01 -3.363496892977917430e-01 -1.632662194005597978e-01 3.550680960287408983e-01
-1.707212640214021693e-01 -7.343071235619346160e-01 -2.560818960321032400e-01 -1.633909546041400207e-01 -7.544077491546438141e-01 -2.540732140822739016e-01
-1.754520942292241426e+00 4.484004283935623669e-01 -6.597451257212619824e-01 -1.671295352136181522e+00 3.845813597829153552e-01 -6.865806614682364861e-01
-1.326689340889209701e-01 2.005460631576712338e-02 -5.399317085014224832e-02 -1.176600169600263979e-01 1.913703145384730228e-02 -4.192619118549822249e-02
1.869192152764448611e+00 -4.082912157620280369e-01 7.394493303095672765e-01 1.788955369096207892e+00 -4.037183912367628968e-01 7.285068526537347156e-01
3.085324048579557443e-03 -5.167917781370758856e-01 1.897474289876427966e-01 -3.714303442094477048e-02 -5.162400145571186538e-01 1.718951581965139641e-01
1.712354846961654520e-01 2.062024905800670660e-01 -2.283139795948872786e-01 1.698286783194540295e-01 2.233278837083328694e-01 -2.295128619566427219e-01
-1.146712104722068942e-01 2.936200052898211843e-01 4.062343330629750865e-02 -1.326856438985092312e-01 2.929121308487858122e-01 5.761770376012857742e-02
-1.024327584128412960e+00 -2.067167112548303487e-01 -1.088605168473820495e+00 -1.009085958050776499e+00 -1.341630672986887929e-01 -1.133035041627715955e+00
-4.262889393787421821e-01 -3.075039635084292344e-01 2.159726834005689933e-01 -4.198361247408946562e-01 -3.141344665964302951e-01 2.300351428610401538e-01
1.458844054303367388e+00 4.607417245878805412e-01 8.998861808357043746e-01 1.428922082791670878e+00 4.482975338951190603e-01 9.029998987666759680e-01
3.856655060724446804e-02 7.147667379209307614e-02 6.787712906875026375e-02 -5.050516962887674488e-02 8.577342754056976881e-02 4.124662143344227927e-02
4.062343330629750865e-02 1.331831547636842250e-01 -4.165187465582402548e-02 5.377773537907615947e-02 1.171200551486473451e-01 -4.993197355924377384e-02
-1.491239956813452706e-02 -1.974607391090916764e-01 1.491239956813452706e-02 -3.272565750199230711e-03 -2.028934826892172805e-01 8.685352125801421713e-03
-9.194265664767080626e-01 -7.255653720909591708e-01 9.574788964091893728e-01 -9.464816774275859323e-01 -7.268159957956817907e-01 8.605769969245663509e-01
9.441091588653446331e-01 8.356085964902968399e-01 -8.731467057480146732e-01 9.222518908089859524e-01 8.453376594699926194e-01 -8.519861202347417395e-01
4.885096410250965721e-02 -9.153128010786019952e-02 -2.622525441292623827e-02 2.422978661859969546e-02 -1.185216636743106344e-01 -8.590876689824750168e-03
1.972036287717100489e+00 7.610465986496241231e-02 5.620431975162427651e-01 1.952520301233482192e+00 8.318724979460997981e-02 5.912535140581345328e-01
-1.388395821860800849e-01 -3.059613014841394696e-01 2.648236475030786852e-01 -1.657571335102677734e-01 -3.104750328048296870e-01 2.655289890399963326e-01
-1.838853132953416125e+00 2.283139795948872786e-01 -8.839453399180432491e-01 -1.786763167723214529e+00 2.272877830102195684e-01 -8.567825030981308654e-01
3.758953132519427531e-01 4.530284144664316615e-01 -3.563549276109388986e-01 3.504827682353031659e-01 4.908949427513614738e-01 -3.926045112539212067e-01
-3.697246651547836382e-01 -3.296154525232493637e-01 3.851512853976813977e-01 -3.772196305174920217e-01 -3.551245151415023948e-01 3.930885730291542868e-01
2.159726834005690210e-02 -1.280409480160516200e-01 8.227530796212153760e-03 2.673686228218904656e-02 -1.357704276098589402e-01 -4.840617752329530129e-04
-6.129510443178054491e-01 -6.592309050464987275e-01 6.679726565174741726e-01 -6.941491559613615081e-01 -6.608138492038839740e-01 6.241342144491225374e-01
7.337929028871713610e-01 6.833992767603719320e-01 -6.618020084203150022e-01 7.470290202206584240e-01 6.798649674615417915e-01 -6.700444147060795608e-01
-5.296472950061573842e-02 -1.696928226718756594e-02 4.473719870440358293e-02 -5.287986425929672857e-02 -1.905111825765778630e-02 4.591020025695712742e-02
5.322183983799736451e-01 -4.782252275298314037e-02 -7.024254417266125872e-01 5.527780997795708195e-01 -4.001482595225398092e-02 -7.494640372267058481e-01
-1.501524370308717771e-01 -5.034220405932311460e-01 4.936518477727291354e-01 -1.418554941116990653e-01 -5.253415798218550314e-01 4.967335043745012557e-01
-4.057201123882117622e-01 5.476450186228714045e-01 2.524823513087604554e-01 -4.109226056678717542e-01 5.653564057741088389e-01 2.527305328522045924e-01
-6.072946168954095336e-01 -2.545392340078135307e-01 -1.515408328527325876e+00 -5.623058573926356107e-01 -2.774038596256552802e-01 -1.423601497387608550e+00
-4.324595874759013525e-01 -3.548122655866490782e-01 5.342752810790266649e-01 -4.567939918689316037e-01 -3.696581354715627876e-01 5.138977572629668256e-01
1.018671156706017156e+00 6.355767540073887778e-01 9.379385107681854628e-01 1.019099849261567492e+00 6.470619950972180678e-01 9.097037401246416133e-01
