# ../20.data/validation_data: data_e pred_e
-1.585183885974493592e+02 -1.585189390922783730e+02
-1.585182978928285422e+02 -1.585168600432164681e+02
-1.585125835017168754e+02 -1.585134390259828763e+02
-1.585200212806241211e+02 -1.585183471824191486e+02
-1.585222888961446017e+02 -1.585221207747944163e+02
-1.585185700066909931e+02 -1.585171312202495812e+02
-1.585198398713824588e+02 -1.585208955669492923e+02
-1.585150325264790183e+02 -1.585159422631088830e+02
-1.585154860495831031e+02 -1.585168430547283265e+02
-1.585167559142745972e+02 -1.585175440719318374e+02
-1.585199305760033042e+02 -1.585185037806479329e+02
-1.585190235297951062e+02 -1.585174921643873063e+02
-1.585174815512411612e+02 -1.585186160564203135e+02
-1.585206562129698398e+02 -1.585212267760873317e+02
-1.585199305760033042e+02 -1.585206354032588649e+02
-1.585166652096537803e+02 -1.585174069242905830e+02
-1.585198398713824588e+02 -1.585208818685137544e+02
-1.585142161848916373e+02 -1.585156068728692844e+02
-1.585154860495831031e+02 -1.585166099531513453e+02
-1.585197491667616418e+02 -1.585204135948046940e+02
-1.585162116865496671e+02 -1.585168894417502941e+02
-1.585173908466203443e+02 -1.585184583986285531e+02
-1.585235587608360959e+02 -1.585234289267198449e+02
-1.585224703053862640e+02 -1.585238575521038058e+02
-1.585114950462670436e+02 -1.585117508667755999e+02
-1.585209283268323190e+02 -1.585206266035372096e+02
-1.585176629604827951e+02 -1.585162889468176672e+02
-1.585191142344159232e+02 -1.585202326355805269e+02
-1.585138533664083411e+02 -1.585149841976393930e+02
-1.585206562129698398e+02 -1.585213275292631749e+02
-1.585065062921219408e+02 -1.585066018639473953e+02
-1.585233773515944620e+02 -1.585234938330582679e+02
-1.585114950462670436e+02 -1.585101665587472155e+02
-1.585227424192487149e+02 -1.585239470882668229e+02
-1.585157581634455823e+02 -1.585171575958843562e+02
-1.585118578647503114e+02 -1.585114917156298873e+02
-1.585216539637988831e+02 -1.585226167200683847e+02
-1.585185700066909931e+02 -1.585197526903023117e+02
-1.585203840991073889e+02 -1.585201754832104086e+02
-1.585142161848916373e+02 -1.585121860402453251e+02
