# ../40.data/validation_data: data_e pred_e
-5.075631847260750874e+03 -5.075611334801949852e+03
-5.075760285003832905e+03 -5.075715338442916618e+03
-5.075795931919814393e+03 -5.075805508414658107e+03
-5.075618785795353688e+03 -5.075597777143611893e+03
-5.075938791697605666e+03 -5.075939147072993364e+03
-5.075094694496256125e+03 -5.075113083205746079e+03
-5.075089252219006084e+03 -5.075073581004395237e+03
-5.076128182945878507e+03 -5.076124096379411640e+03
-5.076242198654249478e+03 -5.076217089621713967e+03
-5.076083556272435089e+03 -5.076099291164398892e+03
-5.075659058646997437e+03 -5.075634605526520318e+03
-5.071618712017192593e+03 -5.071576995092922516e+03
-5.074573052221920079e+03 -5.074481914446403607e+03
-5.075485722116610305e+03 -5.075508968671632829e+03
-5.075712937191764468e+03 -5.075688344408068588e+03
-5.075433204141156239e+03 -5.075417778352239111e+03
-5.071498981917710807e+03 -5.071368588253935741e+03
-5.075802190538651303e+03 -5.075783297470623438e+03
-5.075777972404892353e+03 -5.075750054784902204e+03
-5.076056072772325933e+03 -5.076025740058563315e+03
-5.075117279946839517e+03 -5.075131296971359916e+03
-5.076181517262920352e+03 -5.076178184660262559e+03
-5.075496606671109475e+03 -5.075491974719328027e+03
-5.075250887853308086e+03 -5.075249960807790558e+03
-5.075320004774372137e+03 -5.075312274094103486e+03
-5.075458782844226334e+03 -5.075452450931482417e+03
-5.075625860755777467e+03 -5.075593327073478576e+03
-5.073844875525977841e+03 -5.073823850626302374e+03
-5.074415498295556063e+03 -5.074439744900375445e+03
-5.075198641991715704e+03 -5.075162222135652883e+03
-5.075564363022861471e+03 -5.075548898736333285e+03
-5.075417693650995716e+03 -5.075403715637024106e+03
-5.076000017316659978e+03 -5.075976432103601837e+03
-5.075812802979286971e+03 -5.075801959230388093e+03
-5.076010085529570460e+03 -5.075998741623075148e+03
-5.074624481741925592e+03 -5.074648001849648608e+03
-5.076214170926415136e+03 -5.076183272300246244e+03
-5.076148047257837788e+03 -5.076128279657012172e+03
-5.073832086174442338e+03 -5.073795360282649199e+03
-5.074902037881633987e+03 -5.074856198733165911e+03
