# ../40.data/validation_data: data_e pred_e
-1.586134952268984648e+02 -1.586128542125609329e+02
-1.586175089063697783e+02 -1.586161043263411443e+02
-1.586186228724941998e+02 -1.586189221379580658e+02
-1.586130870561048027e+02 -1.586124305357378717e+02
-1.586230872405501771e+02 -1.586230983460310426e+02
-1.585967092030080039e+02 -1.585972838501795650e+02
-1.585965391318439401e+02 -1.585960494063873512e+02
-1.586290057170587033e+02 -1.586288780118566137e+02
-1.586325687079452962e+02 -1.586317840506785615e+02
-1.586276111335135965e+02 -1.586281028488874654e+02
-1.586143455827186699e+02 -1.586135814227037599e+02
-1.584880847505372685e+02 -1.584867810966538286e+02
-1.585804078819350025e+02 -1.585775598264501127e+02
-1.586089288161440720e+02 -1.586096552709885259e+02
-1.586160292872426396e+02 -1.586152607627521434e+02
-1.586072876294111325e+02 -1.586068055735074722e+02
-1.584843431849284627e+02 -1.584802683829354919e+02
-1.586188184543328532e+02 -1.586182280459569824e+02
-1.586180616376528860e+02 -1.586171892120281939e+02
-1.586267522741351854e+02 -1.586258043768301036e+02
-1.585974149983387349e+02 -1.585978530303549974e+02
-1.586306724144662610e+02 -1.586305682706332050e+02
-1.586092689584721711e+02 -1.586091242099790009e+02
-1.586015902454158777e+02 -1.586015612752434549e+02
-1.586037501491991293e+02 -1.586035085654407339e+02
-1.586080869638820730e+02 -1.586078890916088255e+02
-1.586133081486180458e+02 -1.586122914710462055e+02
-1.585576523601868075e+02 -1.585569953320719492e+02
-1.585754843217361270e+02 -1.585762420281367326e+02
-1.585999575622411157e+02 -1.585988194417391526e+02
-1.586113863444644210e+02 -1.586109030855104152e+02
-1.586068029265936161e+02 -1.586063661136570033e+02
-1.586250005411456243e+02 -1.586242635032375574e+02
-1.586191500931027178e+02 -1.586188112259496279e+02
-1.586253151727990769e+02 -1.586249606757210984e+02
-1.585820150544351748e+02 -1.585827500578015190e+02
-1.586316928414504730e+02 -1.586307272593826951e+02
-1.586296264768074309e+02 -1.586290087392816304e+02
-1.585572526929513231e+02 -1.585561050088327875e+02
-1.585906886838010621e+02 -1.585892562104114347e+02
